Script directory: /mnt/iusers01/fatpou01/compsci01/n70579mp/scratch/JaxMARL
Failed to import warp: No module named 'warp'
Failed to import mujoco_warp: No module named 'warp'
Importing submoduled environments...
Submoduled environments not found. Skipping import.
wandb: Currently logged in as: maytusp to https://api.wandb.ai. Use `wandb login --relogin` to force relogin
wandb: Tracking run with wandb version 0.21.1
wandb: Run data is saved locally in /net/scratch/n70579mp/JaxMARL/wandb/run-20260415_134519-928j820n
wandb: Run `wandb offline` to turn off syncing.
wandb: Syncing run cluster_br_overcooked_v2_cramped_room2
wandb: ⭐️ View project at https://wandb.ai/maytusp/tom-overcooked
wandb: 🚀 View run at https://wandb.ai/maytusp/tom-overcooked/runs/928j820n
2026-04-15 13:45:49.556498: W external/xla/xla/tsl/framework/bfc_allocator.cc:310] Allocator (GPU_0_bfc) ran out of memory trying to allocate 33.24GiB with freed_by_count=0. The caller indicates that this is not a failure, but this may mean that there could be performance gains if more memory were available.
2026-04-15 13:45:50.363079: W external/xla/xla/tsl/framework/bfc_allocator.cc:310] Allocator (GPU_0_bfc) ran out of memory trying to allocate 58.88GiB with freed_by_count=0. The caller indicates that this is not a failure, but this may mean that there could be performance gains if more memory were available.
2026-04-15 13:45:51.990632: W external/xla/xla/tsl/framework/bfc_allocator.cc:310] Allocator (GPU_0_bfc) ran out of memory trying to allocate 40.79GiB with freed_by_count=0. The caller indicates that this is not a failure, but this may mean that there could be performance gains if more memory were available.
2026-04-15 13:45:52.740023: W external/xla/xla/tsl/framework/bfc_allocator.cc:310] Allocator (GPU_0_bfc) ran out of memory trying to allocate 54.39GiB with freed_by_count=0. The caller indicates that this is not a failure, but this may mean that there could be performance gains if more memory were available.
2026-04-15 13:46:01.959225: E external/xla/xla/stream_executor/cuda/cuda_timer.cc:86] Delay kernel timed out: measured time has sub-optimal accuracy. There may be a missing warmup execution, please investigate in Nsight Systems.
2026-04-15 13:46:02.047503: E external/xla/xla/stream_executor/cuda/cuda_timer.cc:86] Delay kernel timed out: measured time has sub-optimal accuracy. There may be a missing warmup execution, please investigate in Nsight Systems.
2026-04-15 13:46:02.159244: E external/xla/xla/stream_executor/cuda/cuda_timer.cc:86] Delay kernel timed out: measured time has sub-optimal accuracy. There may be a missing warmup execution, please investigate in Nsight Systems.
2026-04-15 13:46:02.252288: E external/xla/xla/stream_executor/cuda/cuda_timer.cc:86] Delay kernel timed out: measured time has sub-optimal accuracy. There may be a missing warmup execution, please investigate in Nsight Systems.
2026-04-15 13:46:02.519937: E external/xla/xla/stream_executor/cuda/cuda_timer.cc:86] Delay kernel timed out: measured time has sub-optimal accuracy. There may be a missing warmup execution, please investigate in Nsight Systems.
2026-04-15 13:46:02.612826: E external/xla/xla/stream_executor/cuda/cuda_timer.cc:86] Delay kernel timed out: measured time has sub-optimal accuracy. There may be a missing warmup execution, please investigate in Nsight Systems.
2026-04-15 13:46:02.704839: E external/xla/xla/stream_executor/cuda/cuda_timer.cc:86] Delay kernel timed out: measured time has sub-optimal accuracy. There may be a missing warmup execution, please investigate in Nsight Systems.
2026-04-15 13:46:02.797642: E external/xla/xla/stream_executor/cuda/cuda_timer.cc:86] Delay kernel timed out: measured time has sub-optimal accuracy. There may be a missing warmup execution, please investigate in Nsight Systems.
2026-04-15 13:46:02.890442: E external/xla/xla/stream_executor/cuda/cuda_timer.cc:86] Delay kernel timed out: measured time has sub-optimal accuracy. There may be a missing warmup execution, please investigate in Nsight Systems.
2026-04-15 13:46:03.219422: E external/xla/xla/stream_executor/cuda/cuda_timer.cc:86] Delay kernel timed out: measured time has sub-optimal accuracy. There may be a missing warmup execution, please investigate in Nsight Systems.
2026-04-15 13:46:03.351063: E external/xla/xla/stream_executor/cuda/cuda_timer.cc:86] Delay kernel timed out: measured time has sub-optimal accuracy. There may be a missing warmup execution, please investigate in Nsight Systems.
2026-04-15 13:46:03.457117: E external/xla/xla/stream_executor/cuda/cuda_timer.cc:86] Delay kernel timed out: measured time has sub-optimal accuracy. There may be a missing warmup execution, please investigate in Nsight Systems.
2026-04-15 13:46:03.543534: E external/xla/xla/stream_executor/cuda/cuda_timer.cc:86] Delay kernel timed out: measured time has sub-optimal accuracy. There may be a missing warmup execution, please investigate in Nsight Systems.
2026-04-15 13:46:03.743847: E external/xla/xla/stream_executor/cuda/cuda_timer.cc:86] Delay kernel timed out: measured time has sub-optimal accuracy. There may be a missing warmup execution, please investigate in Nsight Systems.
2026-04-15 13:46:03.834297: E external/xla/xla/stream_executor/cuda/cuda_timer.cc:86] Delay kernel timed out: measured time has sub-optimal accuracy. There may be a missing warmup execution, please investigate in Nsight Systems.
2026-04-15 13:46:04.033072: E external/xla/xla/stream_executor/cuda/cuda_timer.cc:86] Delay kernel timed out: measured time has sub-optimal accuracy. There may be a missing warmup execution, please investigate in Nsight Systems.
2026-04-15 13:46:04.164591: E external/xla/xla/stream_executor/cuda/cuda_timer.cc:86] Delay kernel timed out: measured time has sub-optimal accuracy. There may be a missing warmup execution, please investigate in Nsight Systems.
2026-04-15 13:46:04.279021: E external/xla/xla/stream_executor/cuda/cuda_timer.cc:86] Delay kernel timed out: measured time has sub-optimal accuracy. There may be a missing warmup execution, please investigate in Nsight Systems.
2026-04-15 13:46:04.365573: E external/xla/xla/stream_executor/cuda/cuda_timer.cc:86] Delay kernel timed out: measured time has sub-optimal accuracy. There may be a missing warmup execution, please investigate in Nsight Systems.
2026-04-15 13:46:04.587866: E external/xla/xla/stream_executor/cuda/cuda_timer.cc:86] Delay kernel timed out: measured time has sub-optimal accuracy. There may be a missing warmup execution, please investigate in Nsight Systems.
2026-04-15 13:46:04.681859: E external/xla/xla/stream_executor/cuda/cuda_timer.cc:86] Delay kernel timed out: measured time has sub-optimal accuracy. There may be a missing warmup execution, please investigate in Nsight Systems.
2026-04-15 13:46:04.883719: E external/xla/xla/stream_executor/cuda/cuda_timer.cc:86] Delay kernel timed out: measured time has sub-optimal accuracy. There may be a missing warmup execution, please investigate in Nsight Systems.
2026-04-15 13:46:05.015419: E external/xla/xla/stream_executor/cuda/cuda_timer.cc:86] Delay kernel timed out: measured time has sub-optimal accuracy. There may be a missing warmup execution, please investigate in Nsight Systems.
2026-04-15 13:46:05.128351: E external/xla/xla/stream_executor/cuda/cuda_timer.cc:86] Delay kernel timed out: measured time has sub-optimal accuracy. There may be a missing warmup execution, please investigate in Nsight Systems.
2026-04-15 13:46:05.215663: E external/xla/xla/stream_executor/cuda/cuda_timer.cc:86] Delay kernel timed out: measured time has sub-optimal accuracy. There may be a missing warmup execution, please investigate in Nsight Systems.
2026-04-15 13:46:05.400170: E external/xla/xla/stream_executor/cuda/cuda_timer.cc:86] Delay kernel timed out: measured time has sub-optimal accuracy. There may be a missing warmup execution, please investigate in Nsight Systems.
2026-04-15 13:46:05.501414: E external/xla/xla/stream_executor/cuda/cuda_timer.cc:86] Delay kernel timed out: measured time has sub-optimal accuracy. There may be a missing warmup execution, please investigate in Nsight Systems.
2026-04-15 13:46:05.790073: E external/xla/xla/stream_executor/cuda/cuda_timer.cc:86] Delay kernel timed out: measured time has sub-optimal accuracy. There may be a missing warmup execution, please investigate in Nsight Systems.
2026-04-15 13:46:05.921755: E external/xla/xla/stream_executor/cuda/cuda_timer.cc:86] Delay kernel timed out: measured time has sub-optimal accuracy. There may be a missing warmup execution, please investigate in Nsight Systems.
num_seeds 10
cluster_to_train_ckpts {0: ['baseline_seed_0_step_220.msgpack', 'baseline_seed_1_step_220.msgpack', 'baseline_seed_7_step_220.msgpack', 'baseline_seed_8_step_220.msgpack', 'baseline_seed_10_step_220.msgpack', 'baseline_seed_14_step_220.msgpack'], 1: ['baseline_seed_2_step_220.msgpack', 'baseline_seed_3_step_220.msgpack', 'baseline_seed_5_step_220.msgpack', 'baseline_seed_11_step_220.msgpack', 'baseline_seed_12_step_220.msgpack'], 2: ['baseline_seed_4_step_220.msgpack', 'baseline_seed_6_step_220.msgpack', 'baseline_seed_9_step_220.msgpack', 'baseline_seed_13_step_220.msgpack']}
LOADED: baseline_seed_0_step_220.msgpack
LOADED: baseline_seed_1_step_220.msgpack
LOADED: baseline_seed_2_step_220.msgpack
LOADED: baseline_seed_3_step_220.msgpack
LOADED: baseline_seed_4_step_220.msgpack
LOADED: baseline_seed_5_step_220.msgpack
LOADED: baseline_seed_6_step_220.msgpack
LOADED: baseline_seed_7_step_220.msgpack
LOADED: baseline_seed_8_step_220.msgpack
LOADED: baseline_seed_9_step_220.msgpack
LOADED: baseline_seed_10_step_220.msgpack
LOADED: baseline_seed_11_step_220.msgpack
LOADED: baseline_seed_12_step_220.msgpack
LOADED: baseline_seed_13_step_220.msgpack
LOADED: baseline_seed_14_step_220.msgpack
LOADED: baseline_seed_15_step_220.msgpack
LOADED: baseline_seed_16_step_220.msgpack
LOADED: baseline_seed_17_step_220.msgpack
LOADED: baseline_seed_18_step_220.msgpack
LOADED: baseline_seed_19_step_220.msgpack
LOADED: baseline_seed_20_step_220.msgpack
LOADED: baseline_seed_21_step_220.msgpack
LOADED: baseline_seed_22_step_220.msgpack
LOADED: baseline_seed_23_step_220.msgpack
LOADED: baseline_seed_24_step_220.msgpack

===== TRAINING BR FOR CLUSTER 0 =====
Train partners: ['baseline_seed_0_step_220.msgpack', 'baseline_seed_1_step_220.msgpack', 'baseline_seed_7_step_220.msgpack', 'baseline_seed_8_step_220.msgpack', 'baseline_seed_10_step_220.msgpack', 'baseline_seed_14_step_220.msgpack']
LOADED: baseline_seed_0_step_220.msgpack
LOADED: baseline_seed_1_step_220.msgpack
LOADED: baseline_seed_7_step_220.msgpack
LOADED: baseline_seed_8_step_220.msgpack
LOADED: baseline_seed_10_step_220.msgpack
LOADED: baseline_seed_14_step_220.msgpack
Saved cluster 0 seed 0 -> checkpoints/cluster_br/cramped_room2/cluster_0_seed_0.msgpack
Saved cluster 0 seed 1 -> checkpoints/cluster_br/cramped_room2/cluster_0_seed_1.msgpack
Saved cluster 0 seed 2 -> checkpoints/cluster_br/cramped_room2/cluster_0_seed_2.msgpack
Saved cluster 0 seed 3 -> checkpoints/cluster_br/cramped_room2/cluster_0_seed_3.msgpack
Saved cluster 0 seed 4 -> checkpoints/cluster_br/cramped_room2/cluster_0_seed_4.msgpack
Saved cluster 0 seed 5 -> checkpoints/cluster_br/cramped_room2/cluster_0_seed_5.msgpack
Saved cluster 0 seed 6 -> checkpoints/cluster_br/cramped_room2/cluster_0_seed_6.msgpack
Saved cluster 0 seed 7 -> checkpoints/cluster_br/cramped_room2/cluster_0_seed_7.msgpack
Saved cluster 0 seed 8 -> checkpoints/cluster_br/cramped_room2/cluster_0_seed_8.msgpack
Saved cluster 0 seed 9 -> checkpoints/cluster_br/cramped_room2/cluster_0_seed_9.msgpack

===== FINAL HELD-OUT ZSC EVAL =====
Mean return: 40.10898
Std across seeds: 5.796
Mean min partner return: 7.6601562

===== TRAINING BR FOR CLUSTER 1 =====
Train partners: ['baseline_seed_2_step_220.msgpack', 'baseline_seed_3_step_220.msgpack', 'baseline_seed_5_step_220.msgpack', 'baseline_seed_11_step_220.msgpack', 'baseline_seed_12_step_220.msgpack']
LOADED: baseline_seed_2_step_220.msgpack
LOADED: baseline_seed_3_step_220.msgpack
LOADED: baseline_seed_5_step_220.msgpack
LOADED: baseline_seed_11_step_220.msgpack
LOADED: baseline_seed_12_step_220.msgpack
Saved cluster 1 seed 0 -> checkpoints/cluster_br/cramped_room2/cluster_1_seed_0.msgpack
Saved cluster 1 seed 1 -> checkpoints/cluster_br/cramped_room2/cluster_1_seed_1.msgpack
Saved cluster 1 seed 2 -> checkpoints/cluster_br/cramped_room2/cluster_1_seed_2.msgpack
Saved cluster 1 seed 3 -> checkpoints/cluster_br/cramped_room2/cluster_1_seed_3.msgpack
Saved cluster 1 seed 4 -> checkpoints/cluster_br/cramped_room2/cluster_1_seed_4.msgpack
Saved cluster 1 seed 5 -> checkpoints/cluster_br/cramped_room2/cluster_1_seed_5.msgpack
Saved cluster 1 seed 6 -> checkpoints/cluster_br/cramped_room2/cluster_1_seed_6.msgpack
Saved cluster 1 seed 7 -> checkpoints/cluster_br/cramped_room2/cluster_1_seed_7.msgpack
Saved cluster 1 seed 8 -> checkpoints/cluster_br/cramped_room2/cluster_1_seed_8.msgpack
Saved cluster 1 seed 9 -> checkpoints/cluster_br/cramped_room2/cluster_1_seed_9.msgpack

===== FINAL HELD-OUT ZSC EVAL =====
Mean return: 41.711876
Std across seeds: 4.0137143
Mean min partner return: 4.71875

===== TRAINING BR FOR CLUSTER 2 =====
Train partners: ['baseline_seed_4_step_220.msgpack', 'baseline_seed_6_step_220.msgpack', 'baseline_seed_9_step_220.msgpack', 'baseline_seed_13_step_220.msgpack']
LOADED: baseline_seed_4_step_220.msgpack
LOADED: baseline_seed_6_step_220.msgpack
LOADED: baseline_seed_9_step_220.msgpack
LOADED: baseline_seed_13_step_220.msgpack
Saved cluster 2 seed 0 -> checkpoints/cluster_br/cramped_room2/cluster_2_seed_0.msgpack
Saved cluster 2 seed 1 -> checkpoints/cluster_br/cramped_room2/cluster_2_seed_1.msgpack
Saved cluster 2 seed 2 -> checkpoints/cluster_br/cramped_room2/cluster_2_seed_2.msgpack
Saved cluster 2 seed 3 -> checkpoints/cluster_br/cramped_room2/cluster_2_seed_3.msgpack
Saved cluster 2 seed 4 -> checkpoints/cluster_br/cramped_room2/cluster_2_seed_4.msgpack
Saved cluster 2 seed 5 -> checkpoints/cluster_br/cramped_room2/cluster_2_seed_5.msgpack
Saved cluster 2 seed 6 -> checkpoints/cluster_br/cramped_room2/cluster_2_seed_6.msgpack
Saved cluster 2 seed 7 -> checkpoints/cluster_br/cramped_room2/cluster_2_seed_7.msgpack
Saved cluster 2 seed 8 -> checkpoints/cluster_br/cramped_room2/cluster_2_seed_8.msgpack
Saved cluster 2 seed 9 -> checkpoints/cluster_br/cramped_room2/cluster_2_seed_9.msgpack

===== FINAL HELD-OUT ZSC EVAL =====
Mean return: 37.7632
Std across seeds: 6.997708
Mean min partner return: 5.6015625
[1;34mwandb[0m: 
[1;34mwandb[0m: 🚀 View run [33mcluster_br_overcooked_v2_cramped_room2[0m at: [34mhttps://wandb.ai/maytusp/tom-overcooked/runs/928j820n[0m
[1;34mwandb[0m: Find logs at: [1;35m../../../../../../../net/scratch/n70579mp/JaxMARL/wandb/run-20260415_134519-928j820n/logs[0m
