Script directory: /mnt/iusers01/fatpou01/compsci01/n70579mp/scratch/JaxMARL
Failed to import warp: No module named 'warp'
Failed to import mujoco_warp: No module named 'warp'
Importing submoduled environments...
Submoduled environments not found. Skipping import.
LOADED: baseline_seed_0_step_220.msgpack
LOADED: baseline_seed_1_step_220.msgpack
LOADED: baseline_seed_2_step_220.msgpack
LOADED: baseline_seed_3_step_220.msgpack
LOADED: baseline_seed_4_step_220.msgpack
LOADED: baseline_seed_5_step_220.msgpack
LOADED: baseline_seed_6_step_220.msgpack
LOADED: baseline_seed_7_step_220.msgpack
LOADED: baseline_seed_8_step_220.msgpack
LOADED: baseline_seed_9_step_220.msgpack
LOADED: baseline_seed_10_step_220.msgpack
LOADED: baseline_seed_11_step_220.msgpack
LOADED: baseline_seed_12_step_220.msgpack
LOADED: baseline_seed_13_step_220.msgpack
LOADED: baseline_seed_14_step_220.msgpack
XP[00, 00] = 17.172
XP[00, 01] = 5.528
XP[00, 02] = 3.295
XP[00, 03] = 13.281
XP[00, 04] = 7.189
XP[00, 05] = 5.045
XP[00, 06] = 13.219
XP[00, 07] = 3.478
XP[00, 08] = 0.030
XP[00, 09] = 13.230
XP[00, 10] = 4.800
XP[00, 11] = 4.817
XP[00, 12] = 6.166
XP[00, 13] = 6.436
XP[00, 14] = 4.334
XP[01, 00] = 5.334
XP[01, 01] = 18.512
XP[01, 02] = 0.367
XP[01, 03] = 7.611
XP[01, 04] = 15.402
XP[01, 05] = 11.470
XP[01, 06] = 3.330
XP[01, 07] = 9.122
XP[01, 08] = 0.027
XP[01, 09] = 4.795
XP[01, 10] = 12.497
XP[01, 11] = 10.337
XP[01, 12] = 1.200
XP[01, 13] = 4.688
XP[01, 14] = 6.506
XP[02, 00] = 3.389
XP[02, 01] = 0.373
XP[02, 02] = 18.853
XP[02, 03] = 6.091
XP[02, 04] = 1.750
XP[02, 05] = 0.116
XP[02, 06] = 13.108
XP[02, 07] = 3.622
XP[02, 08] = 1.942
XP[02, 09] = 5.023
XP[02, 10] = 0.516
XP[02, 11] = 0.530
XP[02, 12] = 1.727
XP[02, 13] = 6.759
XP[02, 14] = 0.450
XP[03, 00] = 13.547
XP[03, 01] = 7.694
XP[03, 02] = 5.794
XP[03, 03] = 74.448
XP[03, 04] = 24.534
XP[03, 05] = 29.439
XP[03, 06] = 41.177
XP[03, 07] = 25.698
XP[03, 08] = 0.344
XP[03, 09] = 35.245
XP[03, 10] = 27.594
XP[03, 11] = 17.706
XP[03, 12] = 7.072
XP[03, 13] = 25.188
XP[03, 14] = 41.191
XP[04, 00] = 7.030
XP[04, 01] = 15.756
XP[04, 02] = 1.683
XP[04, 03] = 24.445
XP[04, 04] = 81.862
XP[04, 05] = 58.252
XP[04, 06] = 7.331
XP[04, 07] = 14.136
XP[04, 08] = 0.053
XP[04, 09] = 7.856
XP[04, 10] = 37.508
XP[04, 11] = 38.536
XP[04, 12] = 0.123
XP[04, 13] = 2.153
XP[04, 14] = 41.666
XP[05, 00] = 5.188
XP[05, 01] = 11.661
XP[05, 02] = 0.105
XP[05, 03] = 29.555
XP[05, 04] = 58.306
XP[05, 05] = 82.884
XP[05, 06] = 10.433
XP[05, 07] = 17.550
XP[05, 08] = 0.000
XP[05, 09] = 20.297
XP[05, 10] = 74.464
XP[05, 11] = 44.136
XP[05, 12] = 0.434
XP[05, 13] = 2.394
XP[05, 14] = 33.991
XP[06, 00] = 13.023
XP[06, 01] = 3.711
XP[06, 02] = 13.237
XP[06, 03] = 40.628
XP[06, 04] = 7.444
XP[06, 05] = 10.295
XP[06, 06] = 86.406
XP[06, 07] = 27.903
XP[06, 08] = 0.339
XP[06, 09] = 62.970
XP[06, 10] = 3.105
XP[06, 11] = 9.008
XP[06, 12] = 7.783
XP[06, 13] = 14.961
XP[06, 14] = 18.353
XP[07, 00] = 3.217
XP[07, 01] = 9.234
XP[07, 02] = 3.566
XP[07, 03] = 25.434
XP[07, 04] = 13.925
XP[07, 05] = 17.233
XP[07, 06] = 27.667
XP[07, 07] = 68.795
XP[07, 08] = 0.511
XP[07, 09] = 20.116
XP[07, 10] = 15.192
XP[07, 11] = 13.356
XP[07, 12] = 1.655
XP[07, 13] = 16.700
XP[07, 14] = 15.269
XP[08, 00] = 0.027
XP[08, 01] = 0.019
XP[08, 02] = 1.969
XP[08, 03] = 0.330
XP[08, 04] = 0.050
XP[08, 05] = 0.000
XP[08, 06] = 0.314
XP[08, 07] = 0.506
XP[08, 08] = 0.000
XP[08, 09] = 0.000
XP[08, 10] = 0.000
XP[08, 11] = 0.064
XP[08, 12] = 0.017
XP[08, 13] = 0.025
XP[08, 14] = 0.002
XP[09, 00] = 12.845
XP[09, 01] = 4.792
XP[09, 02] = 5.225
XP[09, 03] = 34.906
XP[09, 04] = 7.873
XP[09, 05] = 19.913
XP[09, 06] = 62.723
XP[09, 07] = 20.094
XP[09, 08] = 0.000
XP[09, 09] = 80.950
XP[09, 10] = 8.989
XP[09, 11] = 5.127
XP[09, 12] = 12.127
XP[09, 13] = 26.750
XP[09, 14] = 7.659
XP[10, 00] = 4.877
XP[10, 01] = 12.180
XP[10, 02] = 0.514
XP[10, 03] = 27.075
XP[10, 04] = 37.480
XP[10, 05] = 74.573
XP[10, 06] = 3.194
XP[10, 07] = 14.642
XP[10, 08] = 0.000
XP[10, 09] = 8.753
XP[10, 10] = 80.487
XP[10, 11] = 47.419
XP[10, 12] = 0.537
XP[10, 13] = 1.480
XP[10, 14] = 30.180
XP[11, 00] = 4.859
XP[11, 01] = 9.995
XP[11, 02] = 0.542
XP[11, 03] = 17.586
XP[11, 04] = 38.483
XP[11, 05] = 45.114
XP[11, 06] = 8.744
XP[11, 07] = 13.652
XP[11, 08] = 0.066
XP[11, 09] = 5.275
XP[11, 10] = 47.152
XP[11, 11] = 79.147
XP[11, 12] = 0.987
XP[11, 13] = 5.595
XP[11, 14] = 19.387
XP[12, 00] = 6.205
XP[12, 01] = 1.183
XP[12, 02] = 1.662
XP[12, 03] = 6.855
XP[12, 04] = 0.144
XP[12, 05] = 0.414
XP[12, 06] = 7.794
XP[12, 07] = 1.686
XP[12, 08] = 0.019
XP[12, 09] = 12.356
XP[12, 10] = 0.544
XP[12, 11] = 1.041
XP[12, 12] = 49.792
XP[12, 13] = 11.075
XP[12, 14] = 0.172
XP[13, 00] = 6.530
XP[13, 01] = 4.439
XP[13, 02] = 6.916
XP[13, 03] = 25.398
XP[13, 04] = 2.234
XP[13, 05] = 2.481
XP[13, 06] = 14.864
XP[13, 07] = 17.180
XP[13, 08] = 0.019
XP[13, 09] = 27.428
XP[13, 10] = 1.589
XP[13, 11] = 5.569
XP[13, 12] = 11.591
XP[13, 13] = 90.789
XP[13, 14] = 9.306
XP[14, 00] = 4.034
XP[14, 01] = 6.245
XP[14, 02] = 0.461
XP[14, 03] = 41.306
XP[14, 04] = 41.108
XP[14, 05] = 33.542
XP[14, 06] = 18.534
XP[14, 07] = 15.403
XP[14, 08] = 0.005
XP[14, 09] = 7.803
XP[14, 10] = 30.531
XP[14, 11] = 19.344
XP[14, 12] = 0.228
XP[14, 13] = 9.078
XP[14, 14] = 26.659
XP matrix shape: (15, 15)
Similarity matrix shape: (15, 15)
Cluster ids: [0 0 2 0 0 0 0 0 1 0 0 0 0 0 0]
baseline_seed_0_step_220.msgpack -> cluster 0
baseline_seed_1_step_220.msgpack -> cluster 0
baseline_seed_2_step_220.msgpack -> cluster 2
baseline_seed_3_step_220.msgpack -> cluster 0
baseline_seed_4_step_220.msgpack -> cluster 0
baseline_seed_5_step_220.msgpack -> cluster 0
baseline_seed_6_step_220.msgpack -> cluster 0
baseline_seed_7_step_220.msgpack -> cluster 0
baseline_seed_8_step_220.msgpack -> cluster 1
baseline_seed_9_step_220.msgpack -> cluster 0
baseline_seed_10_step_220.msgpack -> cluster 0
baseline_seed_11_step_220.msgpack -> cluster 0
baseline_seed_12_step_220.msgpack -> cluster 0
baseline_seed_13_step_220.msgpack -> cluster 0
baseline_seed_14_step_220.msgpack -> cluster 0
Saved to ./results/xp_similarity/counter_circuit2/xp_similarity_results.npz
Saved figure to ./results/xp_similarity/counter_circuit2/xp_matrix.png
Saved figure to ./results/xp_similarity/counter_circuit2/similarity_matrix.png
Saved figure to ./results/xp_similarity/counter_circuit2/xp_matrix_sorted.png
Saved figure to ./results/xp_similarity/counter_circuit2/similarity_matrix_sorted.png
Saving best off-diagonal video: (10, 5)
Error executing job with overrides: []
Traceback (most recent call last):
  File "/net/scratch/n70579mp/JaxMARL/baselines/overcookedv2/eval_xp.py", line 695, in main
    save_example_videos_from_results(
  File "/net/scratch/n70579mp/JaxMARL/baselines/overcookedv2/eval_xp.py", line 598, in save_example_videos_from_results
    save_pool_pair_episode_mp4(
  File "/net/scratch/n70579mp/JaxMARL/baselines/overcookedv2/eval_xp.py", line 558, in save_pool_pair_episode_mp4
    episode = run_pair_episode_with_states(config, params_i, params_j, rng)
  File "/net/scratch/n70579mp/JaxMARL/baselines/overcookedv2/eval_xp.py", line 497, in run_pair_episode_with_states
    reward_seq = np.array(traj["reward"]).squeeze(-1)
ValueError: cannot select an axis to squeeze out which has size not equal to one

Set the environment variable HYDRA_FULL_ERROR=1 for a complete stack trace.
Failed to import warp: No module named 'warp'
Failed to import mujoco_warp: No module named 'warp'
Importing submoduled environments...
Submoduled environments not found. Skipping import.
LOADED: baseline_seed_0_step_220.msgpack
LOADED: baseline_seed_1_step_220.msgpack
LOADED: baseline_seed_2_step_220.msgpack
LOADED: baseline_seed_3_step_220.msgpack
LOADED: baseline_seed_4_step_220.msgpack
LOADED: baseline_seed_5_step_220.msgpack
LOADED: baseline_seed_6_step_220.msgpack
LOADED: baseline_seed_7_step_220.msgpack
LOADED: baseline_seed_8_step_220.msgpack
LOADED: baseline_seed_9_step_220.msgpack
LOADED: baseline_seed_10_step_220.msgpack
LOADED: baseline_seed_11_step_220.msgpack
LOADED: baseline_seed_12_step_220.msgpack
LOADED: baseline_seed_13_step_220.msgpack
LOADED: baseline_seed_14_step_220.msgpack
XP[00, 00] = 104.841
XP[00, 01] = 18.541
XP[00, 02] = 0.122
XP[00, 03] = 0.000
XP[00, 04] = 0.000
XP[00, 05] = 61.584
XP[00, 06] = 0.000
XP[00, 07] = 5.458
XP[00, 08] = 3.056
XP[00, 09] = 0.652
XP[00, 10] = 0.145
XP[00, 11] = 0.000
XP[00, 12] = 60.589
XP[00, 13] = 0.009
XP[00, 14] = 0.000
XP[01, 00] = 18.469
XP[01, 01] = 95.487
XP[01, 02] = 26.086
XP[01, 03] = 0.000
XP[01, 04] = 1.422
XP[01, 05] = 29.941
XP[01, 06] = 0.269
XP[01, 07] = 15.331
XP[01, 08] = 41.020
XP[01, 09] = 2.278
XP[01, 10] = 1.453
XP[01, 11] = 0.000
XP[01, 12] = 6.059
XP[01, 13] = 4.797
XP[01, 14] = 0.000
XP[02, 00] = 0.105
XP[02, 01] = 25.911
XP[02, 02] = 77.594
XP[02, 03] = 3.664
XP[02, 04] = 4.756
XP[02, 05] = 1.075
XP[02, 06] = 0.534
XP[02, 07] = 16.267
XP[02, 08] = 77.900
XP[02, 09] = 8.378
XP[02, 10] = 1.444
XP[02, 11] = 1.478
XP[02, 12] = 0.277
XP[02, 13] = 15.142
XP[02, 14] = 0.356
XP[03, 00] = 0.000
XP[03, 01] = 0.000
XP[03, 02] = 3.589
XP[03, 03] = 102.952
XP[03, 04] = 44.594
XP[03, 05] = 0.000
XP[03, 06] = 26.594
XP[03, 07] = 0.000
XP[03, 08] = 1.981
XP[03, 09] = 8.498
XP[03, 10] = 38.442
XP[03, 11] = 59.850
XP[03, 12] = 0.000
XP[03, 13] = 7.550
XP[03, 14] = 27.637
XP[04, 00] = 0.000
XP[04, 01] = 1.384
XP[04, 02] = 4.931
XP[04, 03] = 44.411
XP[04, 04] = 101.069
XP[04, 05] = 0.011
XP[04, 06] = 31.002
XP[04, 07] = 13.023
XP[04, 08] = 4.528
XP[04, 09] = 21.223
XP[04, 10] = 44.811
XP[04, 11] = 40.500
XP[04, 12] = 0.195
XP[04, 13] = 20.002
XP[04, 14] = 29.252
XP[05, 00] = 60.591
XP[05, 01] = 30.019
XP[05, 02] = 1.177
XP[05, 03] = 0.000
XP[05, 04] = 0.022
XP[05, 05] = 99.658
XP[05, 06] = 0.000
XP[05, 07] = 8.113
XP[05, 08] = 12.425
XP[05, 09] = 2.314
XP[05, 10] = 0.000
XP[05, 11] = 0.000
XP[05, 12] = 71.358
XP[05, 13] = 4.325
XP[05, 14] = 0.000
XP[06, 00] = 0.000
XP[06, 01] = 0.253
XP[06, 02] = 0.494
XP[06, 03] = 26.484
XP[06, 04] = 31.014
XP[06, 05] = 0.000
XP[06, 06] = 101.097
XP[06, 07] = 4.453
XP[06, 08] = 2.389
XP[06, 09] = 27.970
XP[06, 10] = 47.862
XP[06, 11] = 31.412
XP[06, 12] = 0.000
XP[06, 13] = 13.831
XP[06, 14] = 35.877
XP[07, 00] = 5.494
XP[07, 01] = 15.831
XP[07, 02] = 16.523
XP[07, 03] = 0.000
XP[07, 04] = 12.936
XP[07, 05] = 8.108
XP[07, 06] = 4.277
XP[07, 07] = 115.487
XP[07, 08] = 41.978
XP[07, 09] = 16.753
XP[07, 10] = 3.353
XP[07, 11] = 0.253
XP[07, 12] = 0.275
XP[07, 13] = 18.491
XP[07, 14] = 0.436
XP[08, 00] = 2.984
XP[08, 01] = 38.767
XP[08, 02] = 78.003
XP[08, 03] = 1.972
XP[08, 04] = 4.525
XP[08, 05] = 12.350
XP[08, 06] = 2.442
XP[08, 07] = 42.773
XP[08, 08] = 98.431
XP[08, 09] = 15.005
XP[08, 10] = 4.317
XP[08, 11] = 2.858
XP[08, 12] = 6.842
XP[08, 13] = 16.308
XP[08, 14] = 0.036
XP[09, 00] = 0.688
XP[09, 01] = 2.348
XP[09, 02] = 8.466
XP[09, 03] = 8.278
XP[09, 04] = 21.180
XP[09, 05] = 2.344
XP[09, 06] = 27.869
XP[09, 07] = 16.600
XP[09, 08] = 15.147
XP[09, 09] = 103.900
XP[09, 10] = 30.012
XP[09, 11] = 12.358
XP[09, 12] = 0.009
XP[09, 13] = 36.991
XP[09, 14] = 16.987
XP[10, 00] = 0.120
XP[10, 01] = 1.538
XP[10, 02] = 1.431
XP[10, 03] = 38.272
XP[10, 04] = 44.466
XP[10, 05] = 0.000
XP[10, 06] = 47.891
XP[10, 07] = 3.594
XP[10, 08] = 4.344
XP[10, 09] = 29.866
XP[10, 10] = 89.883
XP[10, 11] = 44.312
XP[10, 12] = 0.000
XP[10, 13] = 16.392
XP[10, 14] = 42.450
XP[11, 00] = 0.000
XP[11, 01] = 0.000
XP[11, 02] = 1.612
XP[11, 03] = 60.225
XP[11, 04] = 40.277
XP[11, 05] = 0.000
XP[11, 06] = 30.972
XP[11, 07] = 0.248
XP[11, 08] = 2.881
XP[11, 09] = 11.861
XP[11, 10] = 45.080
XP[11, 11] = 68.061
XP[11, 12] = 0.000
XP[11, 13] = 11.442
XP[11, 14] = 37.005
XP[12, 00] = 60.498
XP[12, 01] = 6.152
XP[12, 02] = 0.316
XP[12, 03] = 0.000
XP[12, 04] = 0.162
XP[12, 05] = 72.119
XP[12, 06] = 0.000
XP[12, 07] = 0.273
XP[12, 08] = 6.575
XP[12, 09] = 0.012
XP[12, 10] = 0.000
XP[12, 11] = 0.000
XP[12, 12] = 90.241
XP[12, 13] = 0.000
XP[12, 14] = 0.000
XP[13, 00] = 0.009
XP[13, 01] = 4.780
XP[13, 02] = 15.078
XP[13, 03] = 7.509
XP[13, 04] = 19.920
XP[13, 05] = 4.362
XP[13, 06] = 13.531
XP[13, 07] = 18.770
XP[13, 08] = 16.348
XP[13, 09] = 37.461
XP[13, 10] = 16.708
XP[13, 11] = 11.723
XP[13, 12] = 0.000
XP[13, 13] = 97.394
XP[13, 14] = 15.548
XP[14, 00] = 0.000
XP[14, 01] = 0.000
XP[14, 02] = 0.380
XP[14, 03] = 27.639
XP[14, 04] = 28.889
XP[14, 05] = 0.000
XP[14, 06] = 35.736
XP[14, 07] = 0.492
XP[14, 08] = 0.012
XP[14, 09] = 17.080
XP[14, 10] = 42.684
XP[14, 11] = 37.031
XP[14, 12] = 0.000
XP[14, 13] = 15.664
XP[14, 14] = 107.514
XP matrix shape: (15, 15)
Similarity matrix shape: (15, 15)
Cluster ids: [1 0 0 2 2 1 2 0 0 2 2 2 1 2 2]
baseline_seed_0_step_220.msgpack -> cluster 1
baseline_seed_1_step_220.msgpack -> cluster 0
baseline_seed_2_step_220.msgpack -> cluster 0
baseline_seed_3_step_220.msgpack -> cluster 2
baseline_seed_4_step_220.msgpack -> cluster 2
baseline_seed_5_step_220.msgpack -> cluster 1
baseline_seed_6_step_220.msgpack -> cluster 2
baseline_seed_7_step_220.msgpack -> cluster 0
baseline_seed_8_step_220.msgpack -> cluster 0
baseline_seed_9_step_220.msgpack -> cluster 2
baseline_seed_10_step_220.msgpack -> cluster 2
baseline_seed_11_step_220.msgpack -> cluster 2
baseline_seed_12_step_220.msgpack -> cluster 1
baseline_seed_13_step_220.msgpack -> cluster 2
baseline_seed_14_step_220.msgpack -> cluster 2
Saved to ./results/xp_similarity/coord_ring2/xp_similarity_results.npz
Saved figure to ./results/xp_similarity/coord_ring2/xp_matrix.png
Saved figure to ./results/xp_similarity/coord_ring2/similarity_matrix.png
Saved figure to ./results/xp_similarity/coord_ring2/xp_matrix_sorted.png
Saved figure to ./results/xp_similarity/coord_ring2/similarity_matrix_sorted.png
Saving best off-diagonal video: (8, 2)
Error executing job with overrides: []
Traceback (most recent call last):
  File "/net/scratch/n70579mp/JaxMARL/baselines/overcookedv2/eval_xp.py", line 695, in main
    save_example_videos_from_results(
  File "/net/scratch/n70579mp/JaxMARL/baselines/overcookedv2/eval_xp.py", line 598, in save_example_videos_from_results
    save_pool_pair_episode_mp4(
  File "/net/scratch/n70579mp/JaxMARL/baselines/overcookedv2/eval_xp.py", line 558, in save_pool_pair_episode_mp4
    episode = run_pair_episode_with_states(config, params_i, params_j, rng)
  File "/net/scratch/n70579mp/JaxMARL/baselines/overcookedv2/eval_xp.py", line 497, in run_pair_episode_with_states
    reward_seq = np.array(traj["reward"]).squeeze(-1)
ValueError: cannot select an axis to squeeze out which has size not equal to one

Set the environment variable HYDRA_FULL_ERROR=1 for a complete stack trace.
