Script directory: /mnt/iusers01/fatpou01/compsci01/n70579mp/scratch/JaxMARL
Failed to import warp: No module named 'warp'
Failed to import mujoco_warp: No module named 'warp'
Importing submoduled environments...
Submoduled environments not found. Skipping import.
wandb: Currently logged in as: maytusp to https://api.wandb.ai. Use `wandb login --relogin` to force relogin
wandb: Tracking run with wandb version 0.21.1
wandb: Run data is saved locally in /net/scratch/n70579mp/JaxMARL/wandb/run-20260409_174131-1wwpj5jo
wandb: Run `wandb offline` to turn off syncing.
wandb: Syncing run lmreg_same_input_fcp_overcooked_v2_cramped_room2
wandb: ⭐️ View project at https://wandb.ai/maytusp/tom-overcooked
wandb: 🚀 View run at https://wandb.ai/maytusp/tom-overcooked/runs/1wwpj5jo
Using lmreg_same_input
LOADED: baseline_seed_0_step_44.msgpack
LOADED: baseline_seed_0_step_132.msgpack
LOADED: baseline_seed_0_step_220.msgpack
LOADED: baseline_seed_1_step_44.msgpack
LOADED: baseline_seed_1_step_132.msgpack
LOADED: baseline_seed_1_step_220.msgpack
LOADED: baseline_seed_2_step_44.msgpack
LOADED: baseline_seed_2_step_132.msgpack
LOADED: baseline_seed_2_step_220.msgpack
LOADED: baseline_seed_3_step_44.msgpack
LOADED: baseline_seed_3_step_132.msgpack
LOADED: baseline_seed_3_step_220.msgpack
LOADED: baseline_seed_4_step_44.msgpack
LOADED: baseline_seed_4_step_132.msgpack
LOADED: baseline_seed_4_step_220.msgpack
LOADED: baseline_seed_5_step_220.msgpack
LOADED: baseline_seed_6_step_220.msgpack
LOADED: baseline_seed_7_step_220.msgpack
LOADED: baseline_seed_8_step_220.msgpack
LOADED: baseline_seed_9_step_220.msgpack
LOADED: baseline_seed_10_step_220.msgpack
LOADED: baseline_seed_11_step_220.msgpack
LOADED: baseline_seed_12_step_220.msgpack
LOADED: baseline_seed_13_step_220.msgpack
LOADED: baseline_seed_14_step_220.msgpack
Update steps:  228.0
Warmup epochs:  11
Cosine epochs:  217.0

===== FINAL HELD-OUT ZSC EVAL =====
Mean return: 22.770313
Std across seeds: 1.6011226
Mean min partner return: 3.1171875
[1;34mwandb[0m: 
[1;34mwandb[0m: 🚀 View run [33mlmreg_same_input_fcp_overcooked_v2_cramped_room2[0m at: [34mhttps://wandb.ai/maytusp/tom-overcooked/runs/1wwpj5jo[0m
[1;34mwandb[0m: Find logs at: [1;35m../../../../../../../net/scratch/n70579mp/JaxMARL/wandb/run-20260409_174131-1wwpj5jo/logs[0m
Failed to import warp: No module named 'warp'
Failed to import mujoco_warp: No module named 'warp'
Importing submoduled environments...
Submoduled environments not found. Skipping import.
wandb: Currently logged in as: maytusp to https://api.wandb.ai. Use `wandb login --relogin` to force relogin
wandb: Tracking run with wandb version 0.21.1
wandb: Run data is saved locally in /net/scratch/n70579mp/JaxMARL/wandb/run-20260409_191043-dfw97p4g
wandb: Run `wandb offline` to turn off syncing.
wandb: Syncing run lmreg_same_input_fcp_overcooked_v2_coord_ring2
wandb: ⭐️ View project at https://wandb.ai/maytusp/tom-overcooked
wandb: 🚀 View run at https://wandb.ai/maytusp/tom-overcooked/runs/dfw97p4g
Using lmreg_same_input
LOADED: baseline_seed_0_step_44.msgpack
LOADED: baseline_seed_0_step_132.msgpack
LOADED: baseline_seed_0_step_220.msgpack
LOADED: baseline_seed_1_step_44.msgpack
LOADED: baseline_seed_1_step_132.msgpack
LOADED: baseline_seed_1_step_220.msgpack
LOADED: baseline_seed_2_step_44.msgpack
LOADED: baseline_seed_2_step_132.msgpack
LOADED: baseline_seed_2_step_220.msgpack
LOADED: baseline_seed_3_step_44.msgpack
LOADED: baseline_seed_3_step_132.msgpack
LOADED: baseline_seed_3_step_220.msgpack
LOADED: baseline_seed_4_step_44.msgpack
LOADED: baseline_seed_4_step_132.msgpack
LOADED: baseline_seed_4_step_220.msgpack
LOADED: baseline_seed_5_step_220.msgpack
LOADED: baseline_seed_6_step_220.msgpack
LOADED: baseline_seed_7_step_220.msgpack
LOADED: baseline_seed_8_step_220.msgpack
LOADED: baseline_seed_9_step_220.msgpack
LOADED: baseline_seed_10_step_220.msgpack
LOADED: baseline_seed_11_step_220.msgpack
LOADED: baseline_seed_12_step_220.msgpack
LOADED: baseline_seed_13_step_220.msgpack
LOADED: baseline_seed_14_step_220.msgpack
Update steps:  228.0
Warmup epochs:  11
Cosine epochs:  217.0

===== FINAL HELD-OUT ZSC EVAL =====
Mean return: 9.315625
Std across seeds: 1.5866514
Mean min partner return: 0.0703125
[1;34mwandb[0m: 
[1;34mwandb[0m: 🚀 View run [33mlmreg_same_input_fcp_overcooked_v2_coord_ring2[0m at: [34mhttps://wandb.ai/maytusp/tom-overcooked/runs/dfw97p4g[0m
[1;34mwandb[0m: Find logs at: [1;35m../../../../../../../net/scratch/n70579mp/JaxMARL/wandb/run-20260409_191043-dfw97p4g/logs[0m
Failed to import warp: No module named 'warp'
Failed to import mujoco_warp: No module named 'warp'
Importing submoduled environments...
Submoduled environments not found. Skipping import.
wandb: Currently logged in as: maytusp to https://api.wandb.ai. Use `wandb login --relogin` to force relogin
wandb: Tracking run with wandb version 0.21.1
wandb: Run data is saved locally in /net/scratch/n70579mp/JaxMARL/wandb/run-20260409_204055-p66ov8qg
wandb: Run `wandb offline` to turn off syncing.
wandb: Syncing run lmreg_same_input_fcp_overcooked_v2_counter_circuit2
wandb: ⭐️ View project at https://wandb.ai/maytusp/tom-overcooked
wandb: 🚀 View run at https://wandb.ai/maytusp/tom-overcooked/runs/p66ov8qg
Using lmreg_same_input
LOADED: baseline_seed_0_step_44.msgpack
LOADED: baseline_seed_0_step_132.msgpack
LOADED: baseline_seed_0_step_220.msgpack
LOADED: baseline_seed_1_step_44.msgpack
LOADED: baseline_seed_1_step_132.msgpack
LOADED: baseline_seed_1_step_220.msgpack
LOADED: baseline_seed_2_step_44.msgpack
LOADED: baseline_seed_2_step_132.msgpack
LOADED: baseline_seed_2_step_220.msgpack
LOADED: baseline_seed_3_step_44.msgpack
LOADED: baseline_seed_3_step_132.msgpack
LOADED: baseline_seed_3_step_220.msgpack
LOADED: baseline_seed_4_step_44.msgpack
LOADED: baseline_seed_4_step_132.msgpack
LOADED: baseline_seed_4_step_220.msgpack
LOADED: baseline_seed_5_step_220.msgpack
LOADED: baseline_seed_6_step_220.msgpack
LOADED: baseline_seed_7_step_220.msgpack
LOADED: baseline_seed_8_step_220.msgpack
LOADED: baseline_seed_9_step_220.msgpack
LOADED: baseline_seed_10_step_220.msgpack
LOADED: baseline_seed_11_step_220.msgpack
LOADED: baseline_seed_12_step_220.msgpack
LOADED: baseline_seed_13_step_220.msgpack
LOADED: baseline_seed_14_step_220.msgpack
Update steps:  228.0
Warmup epochs:  11
Cosine epochs:  217.0

===== FINAL HELD-OUT ZSC EVAL =====
Mean return: 7.4121094
Std across seeds: 3.0654476
Mean min partner return: 0.5703125
[1;34mwandb[0m: 
[1;34mwandb[0m: 🚀 View run [33mlmreg_same_input_fcp_overcooked_v2_counter_circuit2[0m at: [34mhttps://wandb.ai/maytusp/tom-overcooked/runs/p66ov8qg[0m
[1;34mwandb[0m: Find logs at: [1;35m../../../../../../../net/scratch/n70579mp/JaxMARL/wandb/run-20260409_204055-p66ov8qg/logs[0m
