Script directory: /mnt/iusers01/fatpou01/compsci01/n70579mp/scratch/JaxMARL
Failed to import warp: No module named 'warp'
Failed to import mujoco_warp: No module named 'warp'
Importing submoduled environments...
Submoduled environments not found. Skipping import.
wandb: Currently logged in as: maytusp to https://api.wandb.ai. Use `wandb login --relogin` to force relogin
wandb: creating run
wandb: Tracking run with wandb version 0.21.1
wandb: Run data is saved locally in /net/scratch/n70579mp/JaxMARL/wandb/run-20260407_141718-fjfhyhf0
wandb: Run `wandb offline` to turn off syncing.
wandb: Syncing run rnn_baseline_fcp_overcooked_v2_cramped_room2
wandb: ⭐️ View project at https://wandb.ai/maytusp/tom-overcooked
wandb: 🚀 View run at https://wandb.ai/maytusp/tom-overcooked/runs/fjfhyhf0
Using rnn_baseline
LOADED: baseline_seed_0_step_44.msgpack
LOADED: baseline_seed_0_step_132.msgpack
LOADED: baseline_seed_0_step_220.msgpack
LOADED: baseline_seed_1_step_44.msgpack
LOADED: baseline_seed_1_step_132.msgpack
LOADED: baseline_seed_1_step_220.msgpack
LOADED: baseline_seed_2_step_44.msgpack
LOADED: baseline_seed_2_step_132.msgpack
LOADED: baseline_seed_2_step_220.msgpack
LOADED: baseline_seed_3_step_44.msgpack
LOADED: baseline_seed_3_step_132.msgpack
LOADED: baseline_seed_3_step_220.msgpack
LOADED: baseline_seed_4_step_44.msgpack
LOADED: baseline_seed_4_step_132.msgpack
LOADED: baseline_seed_4_step_220.msgpack
LOADED: baseline_seed_5_step_220.msgpack
LOADED: baseline_seed_6_step_220.msgpack
LOADED: baseline_seed_7_step_220.msgpack
LOADED: baseline_seed_8_step_220.msgpack
LOADED: baseline_seed_9_step_220.msgpack
LOADED: baseline_seed_10_step_220.msgpack
LOADED: baseline_seed_11_step_220.msgpack
LOADED: baseline_seed_12_step_220.msgpack
LOADED: baseline_seed_13_step_220.msgpack
LOADED: baseline_seed_14_step_220.msgpack
Update steps:  228.0
Warmup epochs:  11
Cosine epochs:  217.0
Error executing job with overrides: []
Traceback (most recent call last):
  File "/net/scratch/n70579mp/JaxMARL/baselines/IPPO/lmtom_fcp_overcooked_v2.py", line 1246, in main
    final_metrics = run_final_zsc_eval(
  File "/net/scratch/n70579mp/JaxMARL/baselines/IPPO/lmtom_fcp_overcooked_v2.py", line 692, in run_final_zsc_eval
    num_seeds = final_params["params"][next(iter(final_params["params"]))].shape[0]
AttributeError: 'dict' object has no attribute 'shape'

Set the environment variable HYDRA_FULL_ERROR=1 for a complete stack trace.
[1;34mwandb[0m: 
[1;34mwandb[0m: 🚀 View run [33mrnn_baseline_fcp_overcooked_v2_cramped_room2[0m at: [34mhttps://wandb.ai/maytusp/tom-overcooked/runs/fjfhyhf0[0m
[1;34mwandb[0m: Find logs at: [1;35m../../../../../../../net/scratch/n70579mp/JaxMARL/wandb/run-20260407_141718-fjfhyhf0/logs[0m
Failed to import warp: No module named 'warp'
Failed to import mujoco_warp: No module named 'warp'
Importing submoduled environments...
Submoduled environments not found. Skipping import.
wandb: Currently logged in as: maytusp to https://api.wandb.ai. Use `wandb login --relogin` to force relogin
wandb: Tracking run with wandb version 0.21.1
wandb: Run data is saved locally in /net/scratch/n70579mp/JaxMARL/wandb/run-20260407_144851-r8osfor5
wandb: Run `wandb offline` to turn off syncing.
wandb: Syncing run rnn_baseline_fcp_overcooked_v2_coord_ring2
wandb: ⭐️ View project at https://wandb.ai/maytusp/tom-overcooked
wandb: 🚀 View run at https://wandb.ai/maytusp/tom-overcooked/runs/r8osfor5
Using rnn_baseline
LOADED: baseline_seed_0_step_44.msgpack
LOADED: baseline_seed_0_step_132.msgpack
LOADED: baseline_seed_0_step_220.msgpack
LOADED: baseline_seed_1_step_44.msgpack
LOADED: baseline_seed_1_step_132.msgpack
LOADED: baseline_seed_1_step_220.msgpack
LOADED: baseline_seed_2_step_44.msgpack
LOADED: baseline_seed_2_step_132.msgpack
LOADED: baseline_seed_2_step_220.msgpack
LOADED: baseline_seed_3_step_44.msgpack
LOADED: baseline_seed_3_step_132.msgpack
LOADED: baseline_seed_3_step_220.msgpack
LOADED: baseline_seed_4_step_44.msgpack
LOADED: baseline_seed_4_step_132.msgpack
LOADED: baseline_seed_4_step_220.msgpack
LOADED: baseline_seed_5_step_220.msgpack
LOADED: baseline_seed_6_step_220.msgpack
LOADED: baseline_seed_7_step_220.msgpack
LOADED: baseline_seed_8_step_220.msgpack
LOADED: baseline_seed_9_step_220.msgpack
LOADED: baseline_seed_10_step_220.msgpack
LOADED: baseline_seed_11_step_220.msgpack
LOADED: baseline_seed_12_step_220.msgpack
LOADED: baseline_seed_13_step_220.msgpack
LOADED: baseline_seed_14_step_220.msgpack
Update steps:  228.0
Warmup epochs:  11
Cosine epochs:  217.0
Error executing job with overrides: []
Traceback (most recent call last):
  File "/net/scratch/n70579mp/JaxMARL/baselines/IPPO/lmtom_fcp_overcooked_v2.py", line 1246, in main
    final_metrics = run_final_zsc_eval(
  File "/net/scratch/n70579mp/JaxMARL/baselines/IPPO/lmtom_fcp_overcooked_v2.py", line 692, in run_final_zsc_eval
    num_seeds = final_params["params"][next(iter(final_params["params"]))].shape[0]
AttributeError: 'dict' object has no attribute 'shape'

Set the environment variable HYDRA_FULL_ERROR=1 for a complete stack trace.
[1;34mwandb[0m: 
[1;34mwandb[0m: 🚀 View run [33mrnn_baseline_fcp_overcooked_v2_coord_ring2[0m at: [34mhttps://wandb.ai/maytusp/tom-overcooked/runs/r8osfor5[0m
[1;34mwandb[0m: Find logs at: [1;35m../../../../../../../net/scratch/n70579mp/JaxMARL/wandb/run-20260407_144851-r8osfor5/logs[0m
Failed to import warp: No module named 'warp'
Failed to import mujoco_warp: No module named 'warp'
Importing submoduled environments...
Submoduled environments not found. Skipping import.
wandb: Currently logged in as: maytusp to https://api.wandb.ai. Use `wandb login --relogin` to force relogin
wandb: Tracking run with wandb version 0.21.1
wandb: Run data is saved locally in /net/scratch/n70579mp/JaxMARL/wandb/run-20260407_152012-8wpeqjoz
wandb: Run `wandb offline` to turn off syncing.
wandb: Syncing run rnn_baseline_fcp_overcooked_v2_counter_circuit2
wandb: ⭐️ View project at https://wandb.ai/maytusp/tom-overcooked
wandb: 🚀 View run at https://wandb.ai/maytusp/tom-overcooked/runs/8wpeqjoz
Using rnn_baseline
LOADED: baseline_seed_0_step_44.msgpack
LOADED: baseline_seed_0_step_132.msgpack
LOADED: baseline_seed_0_step_220.msgpack
LOADED: baseline_seed_1_step_44.msgpack
LOADED: baseline_seed_1_step_132.msgpack
LOADED: baseline_seed_1_step_220.msgpack
LOADED: baseline_seed_2_step_44.msgpack
LOADED: baseline_seed_2_step_132.msgpack
LOADED: baseline_seed_2_step_220.msgpack
LOADED: baseline_seed_3_step_44.msgpack
LOADED: baseline_seed_3_step_132.msgpack
LOADED: baseline_seed_3_step_220.msgpack
LOADED: baseline_seed_4_step_44.msgpack
LOADED: baseline_seed_4_step_132.msgpack
LOADED: baseline_seed_4_step_220.msgpack
LOADED: baseline_seed_5_step_220.msgpack
LOADED: baseline_seed_6_step_220.msgpack
LOADED: baseline_seed_7_step_220.msgpack
LOADED: baseline_seed_8_step_220.msgpack
LOADED: baseline_seed_9_step_220.msgpack
LOADED: baseline_seed_10_step_220.msgpack
LOADED: baseline_seed_11_step_220.msgpack
LOADED: baseline_seed_12_step_220.msgpack
LOADED: baseline_seed_13_step_220.msgpack
LOADED: baseline_seed_14_step_220.msgpack
Update steps:  228.0
Warmup epochs:  11
Cosine epochs:  217.0
Error executing job with overrides: []
Traceback (most recent call last):
  File "/net/scratch/n70579mp/JaxMARL/baselines/IPPO/lmtom_fcp_overcooked_v2.py", line 1246, in main
    final_metrics = run_final_zsc_eval(
  File "/net/scratch/n70579mp/JaxMARL/baselines/IPPO/lmtom_fcp_overcooked_v2.py", line 692, in run_final_zsc_eval
    num_seeds = final_params["params"][next(iter(final_params["params"]))].shape[0]
AttributeError: 'dict' object has no attribute 'shape'

Set the environment variable HYDRA_FULL_ERROR=1 for a complete stack trace.
[1;34mwandb[0m: 
[1;34mwandb[0m: 🚀 View run [33mrnn_baseline_fcp_overcooked_v2_counter_circuit2[0m at: [34mhttps://wandb.ai/maytusp/tom-overcooked/runs/8wpeqjoz[0m
[1;34mwandb[0m: Find logs at: [1;35m../../../../../../../net/scratch/n70579mp/JaxMARL/wandb/run-20260407_152012-8wpeqjoz/logs[0m
