Script directory: /mnt/iusers01/fatpou01/compsci01/n70579mp/scratch/JaxMARL
Failed to import warp: No module named 'warp'
Failed to import mujoco_warp: No module named 'warp'
Importing submoduled environments...
Submoduled environments not found. Skipping import.
wandb: Currently logged in as: maytusp to https://api.wandb.ai. Use `wandb login --relogin` to force relogin
wandb: Tracking run with wandb version 0.21.1
wandb: Run data is saved locally in /net/scratch/n70579mp/JaxMARL/wandb/run-20260407_091925-82f8i0ki
wandb: Run `wandb offline` to turn off syncing.
wandb: Syncing run prepare_fcp_pools_overcooked_v2_counter_circuit2
wandb: ⭐️ View project at https://wandb.ai/maytusp/tom-overcooked
wandb: 🚀 View run at https://wandb.ai/maytusp/tom-overcooked/runs/82f8i0ki
Error executing job with overrides: []
Traceback (most recent call last):
  File "/net/scratch/n70579mp/JaxMARL/baselines/IPPO/prepare_sp_pool.py", line 633, in main
    train_jit = jax.jit(make_train(config))
  File "/net/scratch/n70579mp/JaxMARL/baselines/IPPO/prepare_sp_pool.py", line 201, in make_train
    env = jaxmarl.make(config["ENV_NAME"], **config["ENV_KWARGS"])
  File "/net/scratch/n70579mp/JaxMARL/jaxmarl/registration.py", line 123, in make
    env = OvercookedV2(**env_kwargs)
  File "/net/scratch/n70579mp/JaxMARL/jaxmarl/environments/overcooked_v2/overcooked.py", line 110, in __init__
    raise ValueError(
ValueError: Invalid layout: counter_circuit2, allowed layouts: dict_keys(['cramped_room', 'asymm_advantages', 'coord_ring', 'forced_coord', 'counter_circuit', 'cramped_room_7x7', 'asymm_advantages_9x9', 'coord_ring_7x7', 'forced_coord_7x7', 'counter_circuit_7x7', 'cramped_room_v2', 'wide_cramped_room_v2', 'asymm_advantages_recipes_center', 'asymm_advantages_recipes_right', 'asymm_advantages_recipes_left', 'two_rooms', 'two_rooms_both', 'long_room', 'fun_coordination', 'more_fun_coordination', 'fun_symmetries', 'fun_symmetries_plates', 'fun_symmetries1', 'grounded_coord_simple', 'grounded_coord_ring', 'test_time_simple', 'test_time_wide', 'demo_cook_simple', 'demo_cook_wide'])

Set the environment variable HYDRA_FULL_ERROR=1 for a complete stack trace.
[1;34mwandb[0m: 
[1;34mwandb[0m: 🚀 View run [33mprepare_fcp_pools_overcooked_v2_counter_circuit2[0m at: [34mhttps://wandb.ai/maytusp/tom-overcooked/runs/82f8i0ki[0m
[1;34mwandb[0m: Find logs at: [1;35m../../../../../../../net/scratch/n70579mp/JaxMARL/wandb/run-20260407_091925-82f8i0ki/logs[0m
