Script directory: /mnt/iusers01/fatpou01/compsci01/n70579mp/scratch/JaxMARL
Failed to import warp: No module named 'warp'
Failed to import mujoco_warp: No module named 'warp'
Importing submoduled environments...
Submoduled environments not found. Skipping import.
wandb: Currently logged in as: maytusp to https://api.wandb.ai. Use `wandb login --relogin` to force relogin
wandb: creating run
wandb: Tracking run with wandb version 0.21.1
wandb: Run data is saved locally in /net/scratch/n70579mp/JaxMARL/wandb/run-20260424_145613-7n8feyed
wandb: Run `wandb offline` to turn off syncing.
wandb: Syncing run ppo_single_counter_circuit2
wandb: ⭐️ View project at https://wandb.ai/maytusp/overcooked-single
wandb: 🚀 View run at https://wandb.ai/maytusp/overcooked-single/runs/7n8feyed
Update steps:  228.0
Warmup epochs:  11
Cosine epochs:  217.0
--> Saved seed 1 checkpoint at step 1 to checkpoints/sp_pools_train/counter_circuit2/baseline_seed_1_step_1.msgpack
--> Saved seed 0 checkpoint at step 1 to checkpoints/sp_pools_train/counter_circuit2/baseline_seed_0_step_1.msgpack
--> Saved seed 4 checkpoint at step 1 to checkpoints/sp_pools_train/counter_circuit2/baseline_seed_4_step_1.msgpack
--> Saved seed 3 checkpoint at step 1 to checkpoints/sp_pools_train/counter_circuit2/baseline_seed_3_step_1.msgpack
--> Saved seed 2 checkpoint at step 1 to checkpoints/sp_pools_train/counter_circuit2/baseline_seed_2_step_1.msgpack
--> Saved seed 1 checkpoint at step 22 to checkpoints/sp_pools_train/counter_circuit2/baseline_seed_1_step_22.msgpack
--> Saved seed 0 checkpoint at step 22 to checkpoints/sp_pools_train/counter_circuit2/baseline_seed_0_step_22.msgpack
--> Saved seed 4 checkpoint at step 22 to checkpoints/sp_pools_train/counter_circuit2/baseline_seed_4_step_22.msgpack
--> Saved seed 3 checkpoint at step 22 to checkpoints/sp_pools_train/counter_circuit2/baseline_seed_3_step_22.msgpack
--> Saved seed 2 checkpoint at step 22 to checkpoints/sp_pools_train/counter_circuit2/baseline_seed_2_step_22.msgpack
--> Saved seed 1 checkpoint at step 44 to checkpoints/sp_pools_train/counter_circuit2/baseline_seed_1_step_44.msgpack
--> Saved seed 0 checkpoint at step 44 to checkpoints/sp_pools_train/counter_circuit2/baseline_seed_0_step_44.msgpack
--> Saved seed 4 checkpoint at step 44 to checkpoints/sp_pools_train/counter_circuit2/baseline_seed_4_step_44.msgpack
--> Saved seed 3 checkpoint at step 44 to checkpoints/sp_pools_train/counter_circuit2/baseline_seed_3_step_44.msgpack
--> Saved seed 2 checkpoint at step 44 to checkpoints/sp_pools_train/counter_circuit2/baseline_seed_2_step_44.msgpack
--> Saved seed 1 checkpoint at step 66 to checkpoints/sp_pools_train/counter_circuit2/baseline_seed_1_step_66.msgpack
--> Saved seed 0 checkpoint at step 66 to checkpoints/sp_pools_train/counter_circuit2/baseline_seed_0_step_66.msgpack
--> Saved seed 4 checkpoint at step 66 to checkpoints/sp_pools_train/counter_circuit2/baseline_seed_4_step_66.msgpack
--> Saved seed 3 checkpoint at step 66 to checkpoints/sp_pools_train/counter_circuit2/baseline_seed_3_step_66.msgpack
--> Saved seed 2 checkpoint at step 66 to checkpoints/sp_pools_train/counter_circuit2/baseline_seed_2_step_66.msgpack
--> Saved seed 1 checkpoint at step 88 to checkpoints/sp_pools_train/counter_circuit2/baseline_seed_1_step_88.msgpack
--> Saved seed 0 checkpoint at step 88 to checkpoints/sp_pools_train/counter_circuit2/baseline_seed_0_step_88.msgpack
--> Saved seed 4 checkpoint at step 88 to checkpoints/sp_pools_train/counter_circuit2/baseline_seed_4_step_88.msgpack
--> Saved seed 3 checkpoint at step 88 to checkpoints/sp_pools_train/counter_circuit2/baseline_seed_3_step_88.msgpack
--> Saved seed 2 checkpoint at step 88 to checkpoints/sp_pools_train/counter_circuit2/baseline_seed_2_step_88.msgpack
--> Saved seed 1 checkpoint at step 110 to checkpoints/sp_pools_train/counter_circuit2/baseline_seed_1_step_110.msgpack
--> Saved seed 0 checkpoint at step 110 to checkpoints/sp_pools_train/counter_circuit2/baseline_seed_0_step_110.msgpack
--> Saved seed 4 checkpoint at step 110 to checkpoints/sp_pools_train/counter_circuit2/baseline_seed_4_step_110.msgpack
--> Saved seed 3 checkpoint at step 110 to checkpoints/sp_pools_train/counter_circuit2/baseline_seed_3_step_110.msgpack
--> Saved seed 2 checkpoint at step 110 to checkpoints/sp_pools_train/counter_circuit2/baseline_seed_2_step_110.msgpack
--> Saved seed 1 checkpoint at step 132 to checkpoints/sp_pools_train/counter_circuit2/baseline_seed_1_step_132.msgpack
--> Saved seed 0 checkpoint at step 132 to checkpoints/sp_pools_train/counter_circuit2/baseline_seed_0_step_132.msgpack
--> Saved seed 4 checkpoint at step 132 to checkpoints/sp_pools_train/counter_circuit2/baseline_seed_4_step_132.msgpack
--> Saved seed 3 checkpoint at step 132 to checkpoints/sp_pools_train/counter_circuit2/baseline_seed_3_step_132.msgpack
--> Saved seed 2 checkpoint at step 132 to checkpoints/sp_pools_train/counter_circuit2/baseline_seed_2_step_132.msgpack
--> Saved seed 1 checkpoint at step 154 to checkpoints/sp_pools_train/counter_circuit2/baseline_seed_1_step_154.msgpack
--> Saved seed 0 checkpoint at step 154 to checkpoints/sp_pools_train/counter_circuit2/baseline_seed_0_step_154.msgpack
--> Saved seed 4 checkpoint at step 154 to checkpoints/sp_pools_train/counter_circuit2/baseline_seed_4_step_154.msgpack
--> Saved seed 3 checkpoint at step 154 to checkpoints/sp_pools_train/counter_circuit2/baseline_seed_3_step_154.msgpack
--> Saved seed 2 checkpoint at step 154 to checkpoints/sp_pools_train/counter_circuit2/baseline_seed_2_step_154.msgpack
--> Saved seed 1 checkpoint at step 176 to checkpoints/sp_pools_train/counter_circuit2/baseline_seed_1_step_176.msgpack
--> Saved seed 0 checkpoint at step 176 to checkpoints/sp_pools_train/counter_circuit2/baseline_seed_0_step_176.msgpack
--> Saved seed 4 checkpoint at step 176 to checkpoints/sp_pools_train/counter_circuit2/baseline_seed_4_step_176.msgpack
--> Saved seed 3 checkpoint at step 176 to checkpoints/sp_pools_train/counter_circuit2/baseline_seed_3_step_176.msgpack
--> Saved seed 2 checkpoint at step 176 to checkpoints/sp_pools_train/counter_circuit2/baseline_seed_2_step_176.msgpack
--> Saved seed 1 checkpoint at step 198 to checkpoints/sp_pools_train/counter_circuit2/baseline_seed_1_step_198.msgpack
--> Saved seed 0 checkpoint at step 198 to checkpoints/sp_pools_train/counter_circuit2/baseline_seed_0_step_198.msgpack
--> Saved seed 4 checkpoint at step 198 to checkpoints/sp_pools_train/counter_circuit2/baseline_seed_4_step_198.msgpack
--> Saved seed 3 checkpoint at step 198 to checkpoints/sp_pools_train/counter_circuit2/baseline_seed_3_step_198.msgpack
--> Saved seed 2 checkpoint at step 198 to checkpoints/sp_pools_train/counter_circuit2/baseline_seed_2_step_198.msgpack
--> Saved seed 1 checkpoint at step 220 to checkpoints/sp_pools_train/counter_circuit2/baseline_seed_1_step_220.msgpack
--> Saved seed 0 checkpoint at step 220 to checkpoints/sp_pools_train/counter_circuit2/baseline_seed_0_step_220.msgpack
--> Saved seed 4 checkpoint at step 220 to checkpoints/sp_pools_train/counter_circuit2/baseline_seed_4_step_220.msgpack
--> Saved seed 3 checkpoint at step 220 to checkpoints/sp_pools_train/counter_circuit2/baseline_seed_3_step_220.msgpack
--> Saved seed 2 checkpoint at step 220 to checkpoints/sp_pools_train/counter_circuit2/baseline_seed_2_step_220.msgpack
[1;34mwandb[0m: 
[1;34mwandb[0m: 🚀 View run [33mppo_single_counter_circuit2[0m at: [34mhttps://wandb.ai/maytusp/overcooked-single/runs/7n8feyed[0m
[1;34mwandb[0m: Find logs at: [1;35m../../../../../../../net/scratch/n70579mp/JaxMARL/wandb/run-20260424_145613-7n8feyed/logs[0m
Failed to import warp: No module named 'warp'
Failed to import mujoco_warp: No module named 'warp'
Importing submoduled environments...
Submoduled environments not found. Skipping import.
wandb: Currently logged in as: maytusp to https://api.wandb.ai. Use `wandb login --relogin` to force relogin
wandb: creating run
wandb: Tracking run with wandb version 0.21.1
wandb: Run data is saved locally in /net/scratch/n70579mp/JaxMARL/wandb/run-20260424_153416-47vaxpp4
wandb: Run `wandb offline` to turn off syncing.
wandb: Syncing run ppo_single_coord_ring2
wandb: ⭐️ View project at https://wandb.ai/maytusp/overcooked-single
wandb: 🚀 View run at https://wandb.ai/maytusp/overcooked-single/runs/47vaxpp4
Update steps:  228.0
Warmup epochs:  11
Cosine epochs:  217.0
--> Saved seed 1 checkpoint at step 1 to checkpoints/sp_pools_train/coord_ring2/baseline_seed_1_step_1.msgpack
--> Saved seed 0 checkpoint at step 1 to checkpoints/sp_pools_train/coord_ring2/baseline_seed_0_step_1.msgpack
--> Saved seed 4 checkpoint at step 1 to checkpoints/sp_pools_train/coord_ring2/baseline_seed_4_step_1.msgpack
--> Saved seed 3 checkpoint at step 1 to checkpoints/sp_pools_train/coord_ring2/baseline_seed_3_step_1.msgpack
--> Saved seed 2 checkpoint at step 1 to checkpoints/sp_pools_train/coord_ring2/baseline_seed_2_step_1.msgpack
--> Saved seed 1 checkpoint at step 22 to checkpoints/sp_pools_train/coord_ring2/baseline_seed_1_step_22.msgpack
--> Saved seed 0 checkpoint at step 22 to checkpoints/sp_pools_train/coord_ring2/baseline_seed_0_step_22.msgpack
--> Saved seed 4 checkpoint at step 22 to checkpoints/sp_pools_train/coord_ring2/baseline_seed_4_step_22.msgpack
--> Saved seed 3 checkpoint at step 22 to checkpoints/sp_pools_train/coord_ring2/baseline_seed_3_step_22.msgpack
--> Saved seed 2 checkpoint at step 22 to checkpoints/sp_pools_train/coord_ring2/baseline_seed_2_step_22.msgpack
--> Saved seed 1 checkpoint at step 44 to checkpoints/sp_pools_train/coord_ring2/baseline_seed_1_step_44.msgpack
--> Saved seed 0 checkpoint at step 44 to checkpoints/sp_pools_train/coord_ring2/baseline_seed_0_step_44.msgpack
--> Saved seed 4 checkpoint at step 44 to checkpoints/sp_pools_train/coord_ring2/baseline_seed_4_step_44.msgpack
--> Saved seed 3 checkpoint at step 44 to checkpoints/sp_pools_train/coord_ring2/baseline_seed_3_step_44.msgpack
--> Saved seed 2 checkpoint at step 44 to checkpoints/sp_pools_train/coord_ring2/baseline_seed_2_step_44.msgpack
--> Saved seed 1 checkpoint at step 66 to checkpoints/sp_pools_train/coord_ring2/baseline_seed_1_step_66.msgpack
--> Saved seed 0 checkpoint at step 66 to checkpoints/sp_pools_train/coord_ring2/baseline_seed_0_step_66.msgpack
--> Saved seed 4 checkpoint at step 66 to checkpoints/sp_pools_train/coord_ring2/baseline_seed_4_step_66.msgpack
--> Saved seed 3 checkpoint at step 66 to checkpoints/sp_pools_train/coord_ring2/baseline_seed_3_step_66.msgpack
--> Saved seed 2 checkpoint at step 66 to checkpoints/sp_pools_train/coord_ring2/baseline_seed_2_step_66.msgpack
--> Saved seed 1 checkpoint at step 88 to checkpoints/sp_pools_train/coord_ring2/baseline_seed_1_step_88.msgpack
--> Saved seed 0 checkpoint at step 88 to checkpoints/sp_pools_train/coord_ring2/baseline_seed_0_step_88.msgpack
--> Saved seed 4 checkpoint at step 88 to checkpoints/sp_pools_train/coord_ring2/baseline_seed_4_step_88.msgpack
--> Saved seed 3 checkpoint at step 88 to checkpoints/sp_pools_train/coord_ring2/baseline_seed_3_step_88.msgpack
--> Saved seed 2 checkpoint at step 88 to checkpoints/sp_pools_train/coord_ring2/baseline_seed_2_step_88.msgpack
--> Saved seed 1 checkpoint at step 110 to checkpoints/sp_pools_train/coord_ring2/baseline_seed_1_step_110.msgpack
--> Saved seed 0 checkpoint at step 110 to checkpoints/sp_pools_train/coord_ring2/baseline_seed_0_step_110.msgpack
--> Saved seed 4 checkpoint at step 110 to checkpoints/sp_pools_train/coord_ring2/baseline_seed_4_step_110.msgpack
--> Saved seed 3 checkpoint at step 110 to checkpoints/sp_pools_train/coord_ring2/baseline_seed_3_step_110.msgpack
--> Saved seed 2 checkpoint at step 110 to checkpoints/sp_pools_train/coord_ring2/baseline_seed_2_step_110.msgpack
--> Saved seed 1 checkpoint at step 132 to checkpoints/sp_pools_train/coord_ring2/baseline_seed_1_step_132.msgpack
--> Saved seed 0 checkpoint at step 132 to checkpoints/sp_pools_train/coord_ring2/baseline_seed_0_step_132.msgpack
--> Saved seed 4 checkpoint at step 132 to checkpoints/sp_pools_train/coord_ring2/baseline_seed_4_step_132.msgpack
--> Saved seed 3 checkpoint at step 132 to checkpoints/sp_pools_train/coord_ring2/baseline_seed_3_step_132.msgpack
--> Saved seed 2 checkpoint at step 132 to checkpoints/sp_pools_train/coord_ring2/baseline_seed_2_step_132.msgpack
--> Saved seed 1 checkpoint at step 154 to checkpoints/sp_pools_train/coord_ring2/baseline_seed_1_step_154.msgpack
--> Saved seed 0 checkpoint at step 154 to checkpoints/sp_pools_train/coord_ring2/baseline_seed_0_step_154.msgpack
--> Saved seed 4 checkpoint at step 154 to checkpoints/sp_pools_train/coord_ring2/baseline_seed_4_step_154.msgpack
--> Saved seed 3 checkpoint at step 154 to checkpoints/sp_pools_train/coord_ring2/baseline_seed_3_step_154.msgpack
--> Saved seed 2 checkpoint at step 154 to checkpoints/sp_pools_train/coord_ring2/baseline_seed_2_step_154.msgpack
--> Saved seed 1 checkpoint at step 176 to checkpoints/sp_pools_train/coord_ring2/baseline_seed_1_step_176.msgpack
--> Saved seed 0 checkpoint at step 176 to checkpoints/sp_pools_train/coord_ring2/baseline_seed_0_step_176.msgpack
--> Saved seed 4 checkpoint at step 176 to checkpoints/sp_pools_train/coord_ring2/baseline_seed_4_step_176.msgpack
--> Saved seed 3 checkpoint at step 176 to checkpoints/sp_pools_train/coord_ring2/baseline_seed_3_step_176.msgpack
--> Saved seed 2 checkpoint at step 176 to checkpoints/sp_pools_train/coord_ring2/baseline_seed_2_step_176.msgpack
--> Saved seed 1 checkpoint at step 198 to checkpoints/sp_pools_train/coord_ring2/baseline_seed_1_step_198.msgpack
--> Saved seed 0 checkpoint at step 198 to checkpoints/sp_pools_train/coord_ring2/baseline_seed_0_step_198.msgpack
--> Saved seed 4 checkpoint at step 198 to checkpoints/sp_pools_train/coord_ring2/baseline_seed_4_step_198.msgpack
--> Saved seed 3 checkpoint at step 198 to checkpoints/sp_pools_train/coord_ring2/baseline_seed_3_step_198.msgpack
--> Saved seed 2 checkpoint at step 198 to checkpoints/sp_pools_train/coord_ring2/baseline_seed_2_step_198.msgpack
--> Saved seed 1 checkpoint at step 220 to checkpoints/sp_pools_train/coord_ring2/baseline_seed_1_step_220.msgpack
--> Saved seed 0 checkpoint at step 220 to checkpoints/sp_pools_train/coord_ring2/baseline_seed_0_step_220.msgpack
--> Saved seed 4 checkpoint at step 220 to checkpoints/sp_pools_train/coord_ring2/baseline_seed_4_step_220.msgpack
--> Saved seed 3 checkpoint at step 220 to checkpoints/sp_pools_train/coord_ring2/baseline_seed_3_step_220.msgpack
--> Saved seed 2 checkpoint at step 220 to checkpoints/sp_pools_train/coord_ring2/baseline_seed_2_step_220.msgpack
[1;34mwandb[0m: 
[1;34mwandb[0m: 🚀 View run [33mppo_single_coord_ring2[0m at: [34mhttps://wandb.ai/maytusp/overcooked-single/runs/47vaxpp4[0m
[1;34mwandb[0m: Find logs at: [1;35m../../../../../../../net/scratch/n70579mp/JaxMARL/wandb/run-20260424_153416-47vaxpp4/logs[0m
Failed to import warp: No module named 'warp'
Failed to import mujoco_warp: No module named 'warp'
Importing submoduled environments...
Submoduled environments not found. Skipping import.
wandb: Currently logged in as: maytusp to https://api.wandb.ai. Use `wandb login --relogin` to force relogin
wandb: Tracking run with wandb version 0.21.1
wandb: Run data is saved locally in /net/scratch/n70579mp/JaxMARL/wandb/run-20260424_161151-mcsb75jh
wandb: Run `wandb offline` to turn off syncing.
wandb: Syncing run ppo_single_cramped_room2
wandb: ⭐️ View project at https://wandb.ai/maytusp/overcooked-single
wandb: 🚀 View run at https://wandb.ai/maytusp/overcooked-single/runs/mcsb75jh
Update steps:  228.0
Warmup epochs:  11
Cosine epochs:  217.0
--> Saved seed 1 checkpoint at step 1 to checkpoints/sp_pools_train/cramped_room2/baseline_seed_1_step_1.msgpack
--> Saved seed 0 checkpoint at step 1 to checkpoints/sp_pools_train/cramped_room2/baseline_seed_0_step_1.msgpack
--> Saved seed 4 checkpoint at step 1 to checkpoints/sp_pools_train/cramped_room2/baseline_seed_4_step_1.msgpack
--> Saved seed 3 checkpoint at step 1 to checkpoints/sp_pools_train/cramped_room2/baseline_seed_3_step_1.msgpack
--> Saved seed 2 checkpoint at step 1 to checkpoints/sp_pools_train/cramped_room2/baseline_seed_2_step_1.msgpack
--> Saved seed 1 checkpoint at step 22 to checkpoints/sp_pools_train/cramped_room2/baseline_seed_1_step_22.msgpack
--> Saved seed 0 checkpoint at step 22 to checkpoints/sp_pools_train/cramped_room2/baseline_seed_0_step_22.msgpack
--> Saved seed 4 checkpoint at step 22 to checkpoints/sp_pools_train/cramped_room2/baseline_seed_4_step_22.msgpack
--> Saved seed 3 checkpoint at step 22 to checkpoints/sp_pools_train/cramped_room2/baseline_seed_3_step_22.msgpack
--> Saved seed 2 checkpoint at step 22 to checkpoints/sp_pools_train/cramped_room2/baseline_seed_2_step_22.msgpack
--> Saved seed 1 checkpoint at step 44 to checkpoints/sp_pools_train/cramped_room2/baseline_seed_1_step_44.msgpack
--> Saved seed 0 checkpoint at step 44 to checkpoints/sp_pools_train/cramped_room2/baseline_seed_0_step_44.msgpack
--> Saved seed 4 checkpoint at step 44 to checkpoints/sp_pools_train/cramped_room2/baseline_seed_4_step_44.msgpack
--> Saved seed 3 checkpoint at step 44 to checkpoints/sp_pools_train/cramped_room2/baseline_seed_3_step_44.msgpack
--> Saved seed 2 checkpoint at step 44 to checkpoints/sp_pools_train/cramped_room2/baseline_seed_2_step_44.msgpack
--> Saved seed 1 checkpoint at step 66 to checkpoints/sp_pools_train/cramped_room2/baseline_seed_1_step_66.msgpack
--> Saved seed 0 checkpoint at step 66 to checkpoints/sp_pools_train/cramped_room2/baseline_seed_0_step_66.msgpack
--> Saved seed 4 checkpoint at step 66 to checkpoints/sp_pools_train/cramped_room2/baseline_seed_4_step_66.msgpack
--> Saved seed 3 checkpoint at step 66 to checkpoints/sp_pools_train/cramped_room2/baseline_seed_3_step_66.msgpack
--> Saved seed 2 checkpoint at step 66 to checkpoints/sp_pools_train/cramped_room2/baseline_seed_2_step_66.msgpack
--> Saved seed 1 checkpoint at step 88 to checkpoints/sp_pools_train/cramped_room2/baseline_seed_1_step_88.msgpack
--> Saved seed 0 checkpoint at step 88 to checkpoints/sp_pools_train/cramped_room2/baseline_seed_0_step_88.msgpack
--> Saved seed 4 checkpoint at step 88 to checkpoints/sp_pools_train/cramped_room2/baseline_seed_4_step_88.msgpack
--> Saved seed 3 checkpoint at step 88 to checkpoints/sp_pools_train/cramped_room2/baseline_seed_3_step_88.msgpack
--> Saved seed 2 checkpoint at step 88 to checkpoints/sp_pools_train/cramped_room2/baseline_seed_2_step_88.msgpack
--> Saved seed 1 checkpoint at step 110 to checkpoints/sp_pools_train/cramped_room2/baseline_seed_1_step_110.msgpack
--> Saved seed 0 checkpoint at step 110 to checkpoints/sp_pools_train/cramped_room2/baseline_seed_0_step_110.msgpack
--> Saved seed 4 checkpoint at step 110 to checkpoints/sp_pools_train/cramped_room2/baseline_seed_4_step_110.msgpack
--> Saved seed 3 checkpoint at step 110 to checkpoints/sp_pools_train/cramped_room2/baseline_seed_3_step_110.msgpack
--> Saved seed 2 checkpoint at step 110 to checkpoints/sp_pools_train/cramped_room2/baseline_seed_2_step_110.msgpack
--> Saved seed 1 checkpoint at step 132 to checkpoints/sp_pools_train/cramped_room2/baseline_seed_1_step_132.msgpack
--> Saved seed 0 checkpoint at step 132 to checkpoints/sp_pools_train/cramped_room2/baseline_seed_0_step_132.msgpack
--> Saved seed 4 checkpoint at step 132 to checkpoints/sp_pools_train/cramped_room2/baseline_seed_4_step_132.msgpack
--> Saved seed 3 checkpoint at step 132 to checkpoints/sp_pools_train/cramped_room2/baseline_seed_3_step_132.msgpack
--> Saved seed 2 checkpoint at step 132 to checkpoints/sp_pools_train/cramped_room2/baseline_seed_2_step_132.msgpack
--> Saved seed 1 checkpoint at step 154 to checkpoints/sp_pools_train/cramped_room2/baseline_seed_1_step_154.msgpack
--> Saved seed 0 checkpoint at step 154 to checkpoints/sp_pools_train/cramped_room2/baseline_seed_0_step_154.msgpack
--> Saved seed 4 checkpoint at step 154 to checkpoints/sp_pools_train/cramped_room2/baseline_seed_4_step_154.msgpack
--> Saved seed 3 checkpoint at step 154 to checkpoints/sp_pools_train/cramped_room2/baseline_seed_3_step_154.msgpack
--> Saved seed 2 checkpoint at step 154 to checkpoints/sp_pools_train/cramped_room2/baseline_seed_2_step_154.msgpack
--> Saved seed 1 checkpoint at step 176 to checkpoints/sp_pools_train/cramped_room2/baseline_seed_1_step_176.msgpack
--> Saved seed 0 checkpoint at step 176 to checkpoints/sp_pools_train/cramped_room2/baseline_seed_0_step_176.msgpack
--> Saved seed 4 checkpoint at step 176 to checkpoints/sp_pools_train/cramped_room2/baseline_seed_4_step_176.msgpack
--> Saved seed 3 checkpoint at step 176 to checkpoints/sp_pools_train/cramped_room2/baseline_seed_3_step_176.msgpack
--> Saved seed 2 checkpoint at step 176 to checkpoints/sp_pools_train/cramped_room2/baseline_seed_2_step_176.msgpack
--> Saved seed 1 checkpoint at step 198 to checkpoints/sp_pools_train/cramped_room2/baseline_seed_1_step_198.msgpack
--> Saved seed 0 checkpoint at step 198 to checkpoints/sp_pools_train/cramped_room2/baseline_seed_0_step_198.msgpack
--> Saved seed 4 checkpoint at step 198 to checkpoints/sp_pools_train/cramped_room2/baseline_seed_4_step_198.msgpack
--> Saved seed 3 checkpoint at step 198 to checkpoints/sp_pools_train/cramped_room2/baseline_seed_3_step_198.msgpack
--> Saved seed 2 checkpoint at step 198 to checkpoints/sp_pools_train/cramped_room2/baseline_seed_2_step_198.msgpack
--> Saved seed 1 checkpoint at step 220 to checkpoints/sp_pools_train/cramped_room2/baseline_seed_1_step_220.msgpack
--> Saved seed 0 checkpoint at step 220 to checkpoints/sp_pools_train/cramped_room2/baseline_seed_0_step_220.msgpack
--> Saved seed 4 checkpoint at step 220 to checkpoints/sp_pools_train/cramped_room2/baseline_seed_4_step_220.msgpack
--> Saved seed 3 checkpoint at step 220 to checkpoints/sp_pools_train/cramped_room2/baseline_seed_3_step_220.msgpack
--> Saved seed 2 checkpoint at step 220 to checkpoints/sp_pools_train/cramped_room2/baseline_seed_2_step_220.msgpack
[1;34mwandb[0m: 
[1;34mwandb[0m: 🚀 View run [33mppo_single_cramped_room2[0m at: [34mhttps://wandb.ai/maytusp/overcooked-single/runs/mcsb75jh[0m
[1;34mwandb[0m: Find logs at: [1;35m../../../../../../../net/scratch/n70579mp/JaxMARL/wandb/run-20260424_161151-mcsb75jh/logs[0m
