Script directory: /mnt/iusers01/fatpou01/compsci01/n70579mp/scratch/JaxMARL
Failed to import warp: No module named 'warp'
Failed to import mujoco_warp: No module named 'warp'
Importing submoduled environments...
Submoduled environments not found. Skipping import.
wandb: Currently logged in as: maytusp to https://api.wandb.ai. Use `wandb login --relogin` to force relogin
wandb: creating run
wandb: Tracking run with wandb version 0.21.1
wandb: Run data is saved locally in /net/scratch/n70579mp/JaxMARL/wandb/run-20260319_091113-dzxrmnl6
wandb: Run `wandb offline` to turn off syncing.
wandb: Syncing run lmtom_input_agg_fcp_overcooked_v2_wide_cramped_room_v2
wandb: ⭐️ View project at https://wandb.ai/maytusp/like-me-tom-overcookedv2
wandb: 🚀 View run at https://wandb.ai/maytusp/like-me-tom-overcookedv2/runs/dzxrmnl6
2026-03-19 09:11:24.796810: W external/xla/xla/service/gpu/autotuning/dot_search_space.cc:200] All configs were filtered out because none of them sufficiently match the hints. Maybe the hints set does not contain a good representative set of valid configs?Working around this by using the full hints set instead.
2026-03-19 09:11:24.796904: W external/xla/xla/service/gpu/autotuning/dot_search_space.cc:200] All configs were filtered out because none of them sufficiently match the hints. Maybe the hints set does not contain a good representative set of valid configs?Working around this by using the full hints set instead.
2026-03-19 09:11:25.830681: W external/xla/xla/service/gpu/autotuning/dot_search_space.cc:200] All configs were filtered out because none of them sufficiently match the hints. Maybe the hints set does not contain a good representative set of valid configs?Working around this by using the full hints set instead.
2026-03-19 09:11:35.058855: W external/xla/xla/service/gpu/autotuning/dot_search_space.cc:200] All configs were filtered out because none of them sufficiently match the hints. Maybe the hints set does not contain a good representative set of valid configs?Working around this by using the full hints set instead.
Using lmtom_input_agg
loaded kernel shape: (1, 1, 34, 128)
loaded kernel shape: (1, 1, 34, 128)
loaded kernel shape: (1, 1, 34, 128)
loaded kernel shape: (1, 1, 34, 128)
loaded kernel shape: (1, 1, 34, 128)
loaded kernel shape: (1, 1, 34, 128)
loaded kernel shape: (1, 1, 34, 128)
loaded kernel shape: (1, 1, 34, 128)
loaded kernel shape: (1, 1, 34, 128)
loaded kernel shape: (1, 1, 34, 128)
Initializing Like-Me ToM Network
USE SHARED PARAMS WITH AGGREGATION
Update steps:  457.0
Warmup epochs:  22
Cosine epochs:  435.0
[1;34mwandb[0m: 
[1;34mwandb[0m: 🚀 View run [33mlmtom_input_agg_fcp_overcooked_v2_wide_cramped_room_v2[0m at: [34mhttps://wandb.ai/maytusp/like-me-tom-overcookedv2/runs/dzxrmnl6[0m
[1;34mwandb[0m: Find logs at: [1;35m../../../../../../../net/scratch/n70579mp/JaxMARL/wandb/run-20260319_091113-dzxrmnl6/logs[0m
