Script directory: /mnt/iusers01/fatpou01/compsci01/n70579mp/scratch/JaxMARL
Failed to import warp: No module named 'warp'
Failed to import mujoco_warp: No module named 'warp'
Importing submoduled environments...
Submoduled environments not found. Skipping import.
wandb: Currently logged in as: maytusp to https://api.wandb.ai. Use `wandb login --relogin` to force relogin
wandb: Tracking run with wandb version 0.21.1
wandb: Run data is saved locally in /net/scratch/n70579mp/JaxMARL/wandb/run-20260421_143553-ojsc9oib
wandb: Run `wandb offline` to turn off syncing.
wandb: Syncing run _improved_finetune_cpt_ft
wandb: ⭐️ View project at https://wandb.ai/maytusp/tom-overcookedv1
wandb: 🚀 View run at https://wandb.ai/maytusp/tom-overcookedv1/runs/ojsc9oib
Working on: 
ckpts/ippo_cpt/overcooked/cramped_room_9/ikTrue/reset_all/graphFalse

Loading phase-1 checkpoint for actor-critic initialization: ./ckpts/ippo/overcooked/cramped_room_9/ikTrue/reset_all/graphFalse/seed0_ckpt0_improved.pkl
Starting from update step 0
Running for 100 iterations:   0%|          | 0/100 [00:00<?, ?it/s]Running for 100 iterations:  35%|███▌      | 35/100 [00:00<00:00, 323.33it/s]Running for 100 iterations:  70%|███████   | 70/100 [00:00<00:00, 318.48it/s]                                                                             Running for 100 iterations: 100%|██████████| 100/100 [00:00<00:00, 332.81it/s]
2026-04-21 14:38:37.103588: W external/xla/xla/service/gpu/autotuning/dot_search_space.cc:200] All configs were filtered out because none of them sufficiently match the hints. Maybe the hints set does not contain a good representative set of valid configs?Working around this by using the full hints set instead.
2026-04-21 14:38:37.103837: W external/xla/xla/service/gpu/autotuning/dot_search_space.cc:200] All configs were filtered out because none of them sufficiently match the hints. Maybe the hints set does not contain a good representative set of valid configs?Working around this by using the full hints set instead.
2026-04-21 14:38:37.104622: W external/xla/xla/service/gpu/autotuning/dot_search_space.cc:200] All configs were filtered out because none of them sufficiently match the hints. Maybe the hints set does not contain a good representative set of valid configs?Working around this by using the full hints set instead.
2026-04-21 14:38:37.104857: W external/xla/xla/service/gpu/autotuning/dot_search_space.cc:200] All configs were filtered out because none of them sufficiently match the hints. Maybe the hints set does not contain a good representative set of valid configs?Working around this by using the full hints set instead.
2026-04-21 14:38:37.104885: W external/xla/xla/service/gpu/autotuning/dot_search_space.cc:200] All configs were filtered out because none of them sufficiently match the hints. Maybe the hints set does not contain a good representative set of valid configs?Working around this by using the full hints set instead.
2026-04-21 14:38:37.104906: W external/xla/xla/service/gpu/autotuning/dot_search_space.cc:200] All configs were filtered out because none of them sufficiently match the hints. Maybe the hints set does not contain a good representative set of valid configs?Working around this by using the full hints set instead.
2026-04-21 14:38:37.104925: W external/xla/xla/service/gpu/autotuning/dot_search_space.cc:200] All configs were filtered out because none of them sufficiently match the hints. Maybe the hints set does not contain a good representative set of valid configs?Working around this by using the full hints set instead.
2026-04-21 14:38:37.104967: W external/xla/xla/service/gpu/autotuning/dot_search_space.cc:200] All configs were filtered out because none of them sufficiently match the hints. Maybe the hints set does not contain a good representative set of valid configs?Working around this by using the full hints set instead.
2026-04-21 14:38:37.104996: W external/xla/xla/service/gpu/autotuning/dot_search_space.cc:200] All configs were filtered out because none of them sufficiently match the hints. Maybe the hints set does not contain a good representative set of valid configs?Working around this by using the full hints set instead.
2026-04-21 14:38:37.105046: W external/xla/xla/service/gpu/autotuning/dot_search_space.cc:200] All configs were filtered out because none of them sufficiently match the hints. Maybe the hints set does not contain a good representative set of valid configs?Working around this by using the full hints set instead.
2026-04-21 14:38:37.105077: W external/xla/xla/service/gpu/autotuning/dot_search_space.cc:200] All configs were filtered out because none of them sufficiently match the hints. Maybe the hints set does not contain a good representative set of valid configs?Working around this by using the full hints set instead.
2026-04-21 14:39:05.413125: W external/xla/xla/hlo/transforms/simplifiers/hlo_rematerialization.cc:3023] Can't reduce memory use below 8.67GiB (9311177851 bytes) by rematerialization; only reduced to 50.59GiB (54322437180 bytes), down from 50.60GiB (54327868172 bytes) originally
Running for 183,105 iterations:   0%|          | 0/183105 [00:00<?, ?it/s][2026-04-21T15:56:27.614] error: *** JOB 14080085 ON node855 CANCELLED AT 2026-04-21T15:56:27 DUE to SIGNAL Terminated ***
