Script directory: /mnt/iusers01/fatpou01/compsci01/n70579mp/scratch/JaxMARL
Failed to import warp: No module named 'warp'
Failed to import mujoco_warp: No module named 'warp'
Importing submoduled environments...
Submoduled environments not found. Skipping import.
Error executing job with overrides: []
Traceback (most recent call last):
  File "/net/scratch/n70579mp/JaxMARL/baselines/IPPO/prepare_sp_pool.py", line 620, in main
    config["SEED"] = seed
NameError: name 'seed' is not defined

Set the environment variable HYDRA_FULL_ERROR=1 for a complete stack trace.
Failed to import warp: No module named 'warp'
Failed to import mujoco_warp: No module named 'warp'
Importing submoduled environments...
Submoduled environments not found. Skipping import.
Error executing job with overrides: []
Traceback (most recent call last):
  File "/net/scratch/n70579mp/JaxMARL/baselines/IPPO/prepare_sp_pool.py", line 620, in main
    config["SEED"] = seed
NameError: name 'seed' is not defined

Set the environment variable HYDRA_FULL_ERROR=1 for a complete stack trace.
Failed to import warp: No module named 'warp'
Failed to import mujoco_warp: No module named 'warp'
Importing submoduled environments...
Submoduled environments not found. Skipping import.
Error executing job with overrides: []
Traceback (most recent call last):
  File "/net/scratch/n70579mp/JaxMARL/baselines/IPPO/prepare_sp_pool.py", line 620, in main
    config["SEED"] = seed
NameError: name 'seed' is not defined

Set the environment variable HYDRA_FULL_ERROR=1 for a complete stack trace.
Failed to import warp: No module named 'warp'
Failed to import mujoco_warp: No module named 'warp'
Importing submoduled environments...
Submoduled environments not found. Skipping import.
Error executing job with overrides: []
Traceback (most recent call last):
  File "/net/scratch/n70579mp/JaxMARL/baselines/IPPO/prepare_sp_pool.py", line 620, in main
    config["SEED"] = seed
NameError: name 'seed' is not defined

Set the environment variable HYDRA_FULL_ERROR=1 for a complete stack trace.
Failed to import warp: No module named 'warp'
Failed to import mujoco_warp: No module named 'warp'
Importing submoduled environments...
Submoduled environments not found. Skipping import.
Error executing job with overrides: []
Traceback (most recent call last):
  File "/net/scratch/n70579mp/JaxMARL/baselines/IPPO/prepare_sp_pool.py", line 620, in main
    config["SEED"] = seed
NameError: name 'seed' is not defined

Set the environment variable HYDRA_FULL_ERROR=1 for a complete stack trace.
