Script directory: /mnt/iusers01/fatpou01/compsci01/n70579mp/scratch/JaxMARL
Failed to import warp: No module named 'warp'
Failed to import mujoco_warp: No module named 'warp'
Importing submoduled environments...
Submoduled environments not found. Skipping import.
wandb: Currently logged in as: maytusp to https://api.wandb.ai. Use `wandb login --relogin` to force relogin
wandb: creating run
wandb: Tracking run with wandb version 0.21.1
wandb: Run data is saved locally in /net/scratch/n70579mp/JaxMARL/wandb/run-20260410_110800-r5yrblj2
wandb: Run `wandb offline` to turn off syncing.
wandb: Syncing run prednet_tom_fcp_overcooked_v2_coord_ring2
wandb: ⭐️ View project at https://wandb.ai/maytusp/tom-overcooked
wandb: 🚀 View run at https://wandb.ai/maytusp/tom-overcooked/runs/r5yrblj2
Using prednet_tom
LOADED: baseline_seed_0_step_44.msgpack
LOADED: baseline_seed_0_step_132.msgpack
LOADED: baseline_seed_0_step_220.msgpack
LOADED: baseline_seed_1_step_44.msgpack
LOADED: baseline_seed_1_step_132.msgpack
LOADED: baseline_seed_1_step_220.msgpack
LOADED: baseline_seed_2_step_44.msgpack
LOADED: baseline_seed_2_step_132.msgpack
LOADED: baseline_seed_2_step_220.msgpack
LOADED: baseline_seed_3_step_44.msgpack
LOADED: baseline_seed_3_step_132.msgpack
LOADED: baseline_seed_3_step_220.msgpack
LOADED: baseline_seed_4_step_44.msgpack
LOADED: baseline_seed_4_step_132.msgpack
LOADED: baseline_seed_4_step_220.msgpack
LOADED: baseline_seed_5_step_220.msgpack
LOADED: baseline_seed_6_step_220.msgpack
LOADED: baseline_seed_7_step_220.msgpack
LOADED: baseline_seed_8_step_220.msgpack
LOADED: baseline_seed_9_step_220.msgpack
LOADED: baseline_seed_10_step_220.msgpack
LOADED: baseline_seed_11_step_220.msgpack
LOADED: baseline_seed_12_step_220.msgpack
LOADED: baseline_seed_13_step_220.msgpack
LOADED: baseline_seed_14_step_220.msgpack

===== FINAL HELD-OUT ZSC EVAL =====
Mean return: 9.6019535
Std across seeds: 1.0497427
Mean min partner return: 0.0
[1;34mwandb[0m: 
[1;34mwandb[0m: 🚀 View run [33mprednet_tom_fcp_overcooked_v2_coord_ring2[0m at: [34mhttps://wandb.ai/maytusp/tom-overcooked/runs/r5yrblj2[0m
[1;34mwandb[0m: Find logs at: [1;35m../../../../../../../net/scratch/n70579mp/JaxMARL/wandb/run-20260410_110800-r5yrblj2/logs[0m
Failed to import warp: No module named 'warp'
Failed to import mujoco_warp: No module named 'warp'
Importing submoduled environments...
Submoduled environments not found. Skipping import.
wandb: Currently logged in as: maytusp to https://api.wandb.ai. Use `wandb login --relogin` to force relogin
wandb: Tracking run with wandb version 0.21.1
wandb: Run data is saved locally in /net/scratch/n70579mp/JaxMARL/wandb/run-20260410_121618-apot0bo2
wandb: Run `wandb offline` to turn off syncing.
wandb: Syncing run prednet_tom_fcp_overcooked_v2_counter_circuit2
wandb: ⭐️ View project at https://wandb.ai/maytusp/tom-overcooked
wandb: 🚀 View run at https://wandb.ai/maytusp/tom-overcooked/runs/apot0bo2
Using prednet_tom
LOADED: baseline_seed_0_step_44.msgpack
LOADED: baseline_seed_0_step_132.msgpack
LOADED: baseline_seed_0_step_220.msgpack
LOADED: baseline_seed_1_step_44.msgpack
LOADED: baseline_seed_1_step_132.msgpack
LOADED: baseline_seed_1_step_220.msgpack
LOADED: baseline_seed_2_step_44.msgpack
LOADED: baseline_seed_2_step_132.msgpack
LOADED: baseline_seed_2_step_220.msgpack
LOADED: baseline_seed_3_step_44.msgpack
LOADED: baseline_seed_3_step_132.msgpack
LOADED: baseline_seed_3_step_220.msgpack
LOADED: baseline_seed_4_step_44.msgpack
LOADED: baseline_seed_4_step_132.msgpack
LOADED: baseline_seed_4_step_220.msgpack
LOADED: baseline_seed_5_step_220.msgpack
LOADED: baseline_seed_6_step_220.msgpack
LOADED: baseline_seed_7_step_220.msgpack
LOADED: baseline_seed_8_step_220.msgpack
LOADED: baseline_seed_9_step_220.msgpack
LOADED: baseline_seed_10_step_220.msgpack
LOADED: baseline_seed_11_step_220.msgpack
LOADED: baseline_seed_12_step_220.msgpack
LOADED: baseline_seed_13_step_220.msgpack
LOADED: baseline_seed_14_step_220.msgpack

===== FINAL HELD-OUT ZSC EVAL =====
Mean return: 6.3570313
Std across seeds: 2.2756836
Mean min partner return: 1.0507812
[1;34mwandb[0m: 
[1;34mwandb[0m: 🚀 View run [33mprednet_tom_fcp_overcooked_v2_counter_circuit2[0m at: [34mhttps://wandb.ai/maytusp/tom-overcooked/runs/apot0bo2[0m
[1;34mwandb[0m: Find logs at: [1;35m../../../../../../../net/scratch/n70579mp/JaxMARL/wandb/run-20260410_121618-apot0bo2/logs[0m
