Script directory: /mnt/iusers01/fatpou01/compsci01/n70579mp/scratch/JaxMARL
Failed to import warp: No module named 'warp'
Failed to import mujoco_warp: No module named 'warp'
Importing submoduled environments...
Submoduled environments not found. Skipping import.
wandb: Currently logged in as: maytusp to https://api.wandb.ai. Use `wandb login --relogin` to force relogin
wandb: creating run
wandb: Tracking run with wandb version 0.21.1
wandb: Run data is saved locally in /net/scratch/n70579mp/JaxMARL/wandb/run-20260427_154520-jgj76bzv
wandb: Run `wandb offline` to turn off syncing.
wandb: Syncing run ppo_cpt_cramped_room2
wandb: ⭐️ View project at https://wandb.ai/maytusp/self-fcp-overcooked
wandb: 🚀 View run at https://wandb.ai/maytusp/self-fcp-overcooked/runs/jgj76bzv
2026-04-27 15:46:21.023475: E external/xla/xla/stream_executor/cuda/cuda_timer.cc:86] Delay kernel timed out: measured time has sub-optimal accuracy. There may be a missing warmup execution, please investigate in Nsight Systems.
2026-04-27 15:46:21.183356: E external/xla/xla/stream_executor/cuda/cuda_timer.cc:86] Delay kernel timed out: measured time has sub-optimal accuracy. There may be a missing warmup execution, please investigate in Nsight Systems.
2026-04-27 15:46:21.410952: E external/xla/xla/stream_executor/cuda/cuda_timer.cc:86] Delay kernel timed out: measured time has sub-optimal accuracy. There may be a missing warmup execution, please investigate in Nsight Systems.
2026-04-27 15:46:21.581711: E external/xla/xla/stream_executor/cuda/cuda_timer.cc:86] Delay kernel timed out: measured time has sub-optimal accuracy. There may be a missing warmup execution, please investigate in Nsight Systems.
2026-04-27 15:46:21.810199: E external/xla/xla/stream_executor/cuda/cuda_timer.cc:86] Delay kernel timed out: measured time has sub-optimal accuracy. There may be a missing warmup execution, please investigate in Nsight Systems.
2026-04-27 15:46:21.980180: E external/xla/xla/stream_executor/cuda/cuda_timer.cc:86] Delay kernel timed out: measured time has sub-optimal accuracy. There may be a missing warmup execution, please investigate in Nsight Systems.
2026-04-27 15:46:22.204782: E external/xla/xla/stream_executor/cuda/cuda_timer.cc:86] Delay kernel timed out: measured time has sub-optimal accuracy. There may be a missing warmup execution, please investigate in Nsight Systems.
2026-04-27 15:46:22.373430: E external/xla/xla/stream_executor/cuda/cuda_timer.cc:86] Delay kernel timed out: measured time has sub-optimal accuracy. There may be a missing warmup execution, please investigate in Nsight Systems.
2026-04-27 15:46:22.534718: E external/xla/xla/stream_executor/cuda/cuda_timer.cc:86] Delay kernel timed out: measured time has sub-optimal accuracy. There may be a missing warmup execution, please investigate in Nsight Systems.
2026-04-27 15:46:22.694963: E external/xla/xla/stream_executor/cuda/cuda_timer.cc:86] Delay kernel timed out: measured time has sub-optimal accuracy. There may be a missing warmup execution, please investigate in Nsight Systems.
2026-04-27 15:46:22.934080: E external/xla/xla/stream_executor/cuda/cuda_timer.cc:86] Delay kernel timed out: measured time has sub-optimal accuracy. There may be a missing warmup execution, please investigate in Nsight Systems.
2026-04-27 15:46:23.093728: E external/xla/xla/stream_executor/cuda/cuda_timer.cc:86] Delay kernel timed out: measured time has sub-optimal accuracy. There may be a missing warmup execution, please investigate in Nsight Systems.
2026-04-27 15:46:23.959455: E external/xla/xla/stream_executor/cuda/cuda_timer.cc:86] Delay kernel timed out: measured time has sub-optimal accuracy. There may be a missing warmup execution, please investigate in Nsight Systems.
2026-04-27 15:46:24.154259: E external/xla/xla/stream_executor/cuda/cuda_timer.cc:86] Delay kernel timed out: measured time has sub-optimal accuracy. There may be a missing warmup execution, please investigate in Nsight Systems.
2026-04-27 15:46:24.495263: E external/xla/xla/stream_executor/cuda/cuda_timer.cc:86] Delay kernel timed out: measured time has sub-optimal accuracy. There may be a missing warmup execution, please investigate in Nsight Systems.
2026-04-27 15:46:24.734053: E external/xla/xla/stream_executor/cuda/cuda_timer.cc:86] Delay kernel timed out: measured time has sub-optimal accuracy. There may be a missing warmup execution, please investigate in Nsight Systems.
2026-04-27 15:46:24.929421: E external/xla/xla/stream_executor/cuda/cuda_timer.cc:86] Delay kernel timed out: measured time has sub-optimal accuracy. There may be a missing warmup execution, please investigate in Nsight Systems.
2026-04-27 15:46:25.083467: E external/xla/xla/stream_executor/cuda/cuda_timer.cc:86] Delay kernel timed out: measured time has sub-optimal accuracy. There may be a missing warmup execution, please investigate in Nsight Systems.
2026-04-27 15:46:25.261014: E external/xla/xla/stream_executor/cuda/cuda_timer.cc:86] Delay kernel timed out: measured time has sub-optimal accuracy. There may be a missing warmup execution, please investigate in Nsight Systems.
2026-04-27 15:46:25.414187: E external/xla/xla/stream_executor/cuda/cuda_timer.cc:86] Delay kernel timed out: measured time has sub-optimal accuracy. There may be a missing warmup execution, please investigate in Nsight Systems.
2026-04-27 15:46:25.592773: E external/xla/xla/stream_executor/cuda/cuda_timer.cc:86] Delay kernel timed out: measured time has sub-optimal accuracy. There may be a missing warmup execution, please investigate in Nsight Systems.
2026-04-27 15:46:25.746206: E external/xla/xla/stream_executor/cuda/cuda_timer.cc:86] Delay kernel timed out: measured time has sub-optimal accuracy. There may be a missing warmup execution, please investigate in Nsight Systems.
2026-04-27 15:46:26.167409: E external/xla/xla/stream_executor/cuda/cuda_timer.cc:86] Delay kernel timed out: measured time has sub-optimal accuracy. There may be a missing warmup execution, please investigate in Nsight Systems.
2026-04-27 15:46:26.321027: E external/xla/xla/stream_executor/cuda/cuda_timer.cc:86] Delay kernel timed out: measured time has sub-optimal accuracy. There may be a missing warmup execution, please investigate in Nsight Systems.
2026-04-27 15:46:26.499448: E external/xla/xla/stream_executor/cuda/cuda_timer.cc:86] Delay kernel timed out: measured time has sub-optimal accuracy. There may be a missing warmup execution, please investigate in Nsight Systems.
2026-04-27 15:46:26.653602: E external/xla/xla/stream_executor/cuda/cuda_timer.cc:86] Delay kernel timed out: measured time has sub-optimal accuracy. There may be a missing warmup execution, please investigate in Nsight Systems.
2026-04-27 15:46:27.231686: E external/xla/xla/stream_executor/cuda/cuda_timer.cc:86] Delay kernel timed out: measured time has sub-optimal accuracy. There may be a missing warmup execution, please investigate in Nsight Systems.
2026-04-27 15:46:27.487915: E external/xla/xla/stream_executor/cuda/cuda_timer.cc:86] Delay kernel timed out: measured time has sub-optimal accuracy. There may be a missing warmup execution, please investigate in Nsight Systems.
2026-04-27 15:46:27.904605: E external/xla/xla/stream_executor/cuda/cuda_timer.cc:86] Delay kernel timed out: measured time has sub-optimal accuracy. There may be a missing warmup execution, please investigate in Nsight Systems.
2026-04-27 15:46:28.177158: E external/xla/xla/stream_executor/cuda/cuda_timer.cc:86] Delay kernel timed out: measured time has sub-optimal accuracy. There may be a missing warmup execution, please investigate in Nsight Systems.
2026-04-27 15:46:28.378896: E external/xla/xla/stream_executor/cuda/cuda_timer.cc:86] Delay kernel timed out: measured time has sub-optimal accuracy. There may be a missing warmup execution, please investigate in Nsight Systems.
2026-04-27 15:46:28.531215: E external/xla/xla/stream_executor/cuda/cuda_timer.cc:86] Delay kernel timed out: measured time has sub-optimal accuracy. There may be a missing warmup execution, please investigate in Nsight Systems.
2026-04-27 15:46:28.709541: E external/xla/xla/stream_executor/cuda/cuda_timer.cc:86] Delay kernel timed out: measured time has sub-optimal accuracy. There may be a missing warmup execution, please investigate in Nsight Systems.
2026-04-27 15:46:28.862153: E external/xla/xla/stream_executor/cuda/cuda_timer.cc:86] Delay kernel timed out: measured time has sub-optimal accuracy. There may be a missing warmup execution, please investigate in Nsight Systems.
2026-04-27 15:46:29.040930: E external/xla/xla/stream_executor/cuda/cuda_timer.cc:86] Delay kernel timed out: measured time has sub-optimal accuracy. There may be a missing warmup execution, please investigate in Nsight Systems.
2026-04-27 15:46:29.193290: E external/xla/xla/stream_executor/cuda/cuda_timer.cc:86] Delay kernel timed out: measured time has sub-optimal accuracy. There may be a missing warmup execution, please investigate in Nsight Systems.
2026-04-27 15:46:29.371652: E external/xla/xla/stream_executor/cuda/cuda_timer.cc:86] Delay kernel timed out: measured time has sub-optimal accuracy. There may be a missing warmup execution, please investigate in Nsight Systems.
2026-04-27 15:46:29.523906: E external/xla/xla/stream_executor/cuda/cuda_timer.cc:86] Delay kernel timed out: measured time has sub-optimal accuracy. There may be a missing warmup execution, please investigate in Nsight Systems.
2026-04-27 15:46:29.701035: E external/xla/xla/stream_executor/cuda/cuda_timer.cc:86] Delay kernel timed out: measured time has sub-optimal accuracy. There may be a missing warmup execution, please investigate in Nsight Systems.
2026-04-27 15:46:29.854213: E external/xla/xla/stream_executor/cuda/cuda_timer.cc:86] Delay kernel timed out: measured time has sub-optimal accuracy. There may be a missing warmup execution, please investigate in Nsight Systems.
2026-04-27 15:46:30.395812: E external/xla/xla/stream_executor/cuda/cuda_timer.cc:86] Delay kernel timed out: measured time has sub-optimal accuracy. There may be a missing warmup execution, please investigate in Nsight Systems.
2026-04-27 15:46:30.641047: E external/xla/xla/stream_executor/cuda/cuda_timer.cc:86] Delay kernel timed out: measured time has sub-optimal accuracy. There may be a missing warmup execution, please investigate in Nsight Systems.
2026-04-27 15:46:30.859064: E external/xla/xla/stream_executor/cuda/cuda_timer.cc:86] Delay kernel timed out: measured time has sub-optimal accuracy. There may be a missing warmup execution, please investigate in Nsight Systems.
2026-04-27 15:46:31.031559: E external/xla/xla/stream_executor/cuda/cuda_timer.cc:86] Delay kernel timed out: measured time has sub-optimal accuracy. There may be a missing warmup execution, please investigate in Nsight Systems.
2026-04-27 15:46:31.246871: E external/xla/xla/stream_executor/cuda/cuda_timer.cc:86] Delay kernel timed out: measured time has sub-optimal accuracy. There may be a missing warmup execution, please investigate in Nsight Systems.
2026-04-27 15:46:31.399065: E external/xla/xla/stream_executor/cuda/cuda_timer.cc:86] Delay kernel timed out: measured time has sub-optimal accuracy. There may be a missing warmup execution, please investigate in Nsight Systems.
2026-04-27 15:46:31.577195: E external/xla/xla/stream_executor/cuda/cuda_timer.cc:86] Delay kernel timed out: measured time has sub-optimal accuracy. There may be a missing warmup execution, please investigate in Nsight Systems.
2026-04-27 15:46:31.729846: E external/xla/xla/stream_executor/cuda/cuda_timer.cc:86] Delay kernel timed out: measured time has sub-optimal accuracy. There may be a missing warmup execution, please investigate in Nsight Systems.
2026-04-27 15:46:31.908707: E external/xla/xla/stream_executor/cuda/cuda_timer.cc:86] Delay kernel timed out: measured time has sub-optimal accuracy. There may be a missing warmup execution, please investigate in Nsight Systems.
2026-04-27 15:46:32.061644: E external/xla/xla/stream_executor/cuda/cuda_timer.cc:86] Delay kernel timed out: measured time has sub-optimal accuracy. There may be a missing warmup execution, please investigate in Nsight Systems.
2026-04-27 15:46:32.293007: E external/xla/xla/stream_executor/cuda/cuda_timer.cc:86] Delay kernel timed out: measured time has sub-optimal accuracy. There may be a missing warmup execution, please investigate in Nsight Systems.
2026-04-27 15:46:32.446258: E external/xla/xla/stream_executor/cuda/cuda_timer.cc:86] Delay kernel timed out: measured time has sub-optimal accuracy. There may be a missing warmup execution, please investigate in Nsight Systems.
2026-04-27 15:46:32.624495: E external/xla/xla/stream_executor/cuda/cuda_timer.cc:86] Delay kernel timed out: measured time has sub-optimal accuracy. There may be a missing warmup execution, please investigate in Nsight Systems.
2026-04-27 15:46:32.778752: E external/xla/xla/stream_executor/cuda/cuda_timer.cc:86] Delay kernel timed out: measured time has sub-optimal accuracy. There may be a missing warmup execution, please investigate in Nsight Systems.
2026-04-27 15:46:33.087809: E external/xla/xla/stream_executor/cuda/cuda_timer.cc:86] Delay kernel timed out: measured time has sub-optimal accuracy. There may be a missing warmup execution, please investigate in Nsight Systems.
2026-04-27 15:46:33.257317: E external/xla/xla/stream_executor/cuda/cuda_timer.cc:86] Delay kernel timed out: measured time has sub-optimal accuracy. There may be a missing warmup execution, please investigate in Nsight Systems.
2026-04-27 15:46:33.542469: E external/xla/xla/stream_executor/cuda/cuda_timer.cc:86] Delay kernel timed out: measured time has sub-optimal accuracy. There may be a missing warmup execution, please investigate in Nsight Systems.
2026-04-27 15:46:33.761246: E external/xla/xla/stream_executor/cuda/cuda_timer.cc:86] Delay kernel timed out: measured time has sub-optimal accuracy. There may be a missing warmup execution, please investigate in Nsight Systems.
2026-04-27 15:46:34.000042: E external/xla/xla/stream_executor/cuda/cuda_timer.cc:86] Delay kernel timed out: measured time has sub-optimal accuracy. There may be a missing warmup execution, please investigate in Nsight Systems.
2026-04-27 15:46:34.192351: E external/xla/xla/stream_executor/cuda/cuda_timer.cc:86] Delay kernel timed out: measured time has sub-optimal accuracy. There may be a missing warmup execution, please investigate in Nsight Systems.
2026-04-27 15:46:34.393277: E external/xla/xla/stream_executor/cuda/cuda_timer.cc:86] Delay kernel timed out: measured time has sub-optimal accuracy. There may be a missing warmup execution, please investigate in Nsight Systems.
2026-04-27 15:46:34.545529: E external/xla/xla/stream_executor/cuda/cuda_timer.cc:86] Delay kernel timed out: measured time has sub-optimal accuracy. There may be a missing warmup execution, please investigate in Nsight Systems.
2026-04-27 15:46:34.723718: E external/xla/xla/stream_executor/cuda/cuda_timer.cc:86] Delay kernel timed out: measured time has sub-optimal accuracy. There may be a missing warmup execution, please investigate in Nsight Systems.
2026-04-27 15:46:34.876233: E external/xla/xla/stream_executor/cuda/cuda_timer.cc:86] Delay kernel timed out: measured time has sub-optimal accuracy. There may be a missing warmup execution, please investigate in Nsight Systems.
2026-04-27 15:46:35.085340: E external/xla/xla/stream_executor/cuda/cuda_timer.cc:86] Delay kernel timed out: measured time has sub-optimal accuracy. There may be a missing warmup execution, please investigate in Nsight Systems.
2026-04-27 15:46:35.238013: E external/xla/xla/stream_executor/cuda/cuda_timer.cc:86] Delay kernel timed out: measured time has sub-optimal accuracy. There may be a missing warmup execution, please investigate in Nsight Systems.
2026-04-27 15:46:35.416618: E external/xla/xla/stream_executor/cuda/cuda_timer.cc:86] Delay kernel timed out: measured time has sub-optimal accuracy. There may be a missing warmup execution, please investigate in Nsight Systems.
2026-04-27 15:46:35.570223: E external/xla/xla/stream_executor/cuda/cuda_timer.cc:86] Delay kernel timed out: measured time has sub-optimal accuracy. There may be a missing warmup execution, please investigate in Nsight Systems.
2026-04-27 15:46:35.748611: E external/xla/xla/stream_executor/cuda/cuda_timer.cc:86] Delay kernel timed out: measured time has sub-optimal accuracy. There may be a missing warmup execution, please investigate in Nsight Systems.
2026-04-27 15:46:35.903172: E external/xla/xla/stream_executor/cuda/cuda_timer.cc:86] Delay kernel timed out: measured time has sub-optimal accuracy. There may be a missing warmup execution, please investigate in Nsight Systems.
2026-04-27 15:46:36.286535: E external/xla/xla/stream_executor/cuda/cuda_timer.cc:86] Delay kernel timed out: measured time has sub-optimal accuracy. There may be a missing warmup execution, please investigate in Nsight Systems.
2026-04-27 15:46:36.456298: E external/xla/xla/stream_executor/cuda/cuda_timer.cc:86] Delay kernel timed out: measured time has sub-optimal accuracy. There may be a missing warmup execution, please investigate in Nsight Systems.
2026-04-27 15:46:36.755262: E external/xla/xla/stream_executor/cuda/cuda_timer.cc:86] Delay kernel timed out: measured time has sub-optimal accuracy. There may be a missing warmup execution, please investigate in Nsight Systems.
2026-04-27 15:46:36.981083: E external/xla/xla/stream_executor/cuda/cuda_timer.cc:86] Delay kernel timed out: measured time has sub-optimal accuracy. There may be a missing warmup execution, please investigate in Nsight Systems.
2026-04-27 15:46:37.268316: E external/xla/xla/stream_executor/cuda/cuda_timer.cc:86] Delay kernel timed out: measured time has sub-optimal accuracy. There may be a missing warmup execution, please investigate in Nsight Systems.
2026-04-27 15:46:37.490872: E external/xla/xla/stream_executor/cuda/cuda_timer.cc:86] Delay kernel timed out: measured time has sub-optimal accuracy. There may be a missing warmup execution, please investigate in Nsight Systems.
2026-04-27 15:46:37.756657: E external/xla/xla/stream_executor/cuda/cuda_timer.cc:86] Delay kernel timed out: measured time has sub-optimal accuracy. There may be a missing warmup execution, please investigate in Nsight Systems.
2026-04-27 15:46:37.909791: E external/xla/xla/stream_executor/cuda/cuda_timer.cc:86] Delay kernel timed out: measured time has sub-optimal accuracy. There may be a missing warmup execution, please investigate in Nsight Systems.
2026-04-27 15:46:38.087659: E external/xla/xla/stream_executor/cuda/cuda_timer.cc:86] Delay kernel timed out: measured time has sub-optimal accuracy. There may be a missing warmup execution, please investigate in Nsight Systems.
2026-04-27 15:46:38.240332: E external/xla/xla/stream_executor/cuda/cuda_timer.cc:86] Delay kernel timed out: measured time has sub-optimal accuracy. There may be a missing warmup execution, please investigate in Nsight Systems.
2026-04-27 15:46:38.418719: E external/xla/xla/stream_executor/cuda/cuda_timer.cc:86] Delay kernel timed out: measured time has sub-optimal accuracy. There may be a missing warmup execution, please investigate in Nsight Systems.
2026-04-27 15:46:38.573682: E external/xla/xla/stream_executor/cuda/cuda_timer.cc:86] Delay kernel timed out: measured time has sub-optimal accuracy. There may be a missing warmup execution, please investigate in Nsight Systems.
2026-04-27 15:46:38.754672: E external/xla/xla/stream_executor/cuda/cuda_timer.cc:86] Delay kernel timed out: measured time has sub-optimal accuracy. There may be a missing warmup execution, please investigate in Nsight Systems.
2026-04-27 15:46:38.907454: E external/xla/xla/stream_executor/cuda/cuda_timer.cc:86] Delay kernel timed out: measured time has sub-optimal accuracy. There may be a missing warmup execution, please investigate in Nsight Systems.
2026-04-27 15:46:39.086315: E external/xla/xla/stream_executor/cuda/cuda_timer.cc:86] Delay kernel timed out: measured time has sub-optimal accuracy. There may be a missing warmup execution, please investigate in Nsight Systems.
2026-04-27 15:46:39.240462: E external/xla/xla/stream_executor/cuda/cuda_timer.cc:86] Delay kernel timed out: measured time has sub-optimal accuracy. There may be a missing warmup execution, please investigate in Nsight Systems.
2026-04-27 15:46:39.693024: E external/xla/xla/stream_executor/cuda/cuda_timer.cc:86] Delay kernel timed out: measured time has sub-optimal accuracy. There may be a missing warmup execution, please investigate in Nsight Systems.
2026-04-27 15:46:39.865715: E external/xla/xla/stream_executor/cuda/cuda_timer.cc:86] Delay kernel timed out: measured time has sub-optimal accuracy. There may be a missing warmup execution, please investigate in Nsight Systems.
2026-04-27 15:46:40.174153: E external/xla/xla/stream_executor/cuda/cuda_timer.cc:86] Delay kernel timed out: measured time has sub-optimal accuracy. There may be a missing warmup execution, please investigate in Nsight Systems.
2026-04-27 15:46:40.403851: E external/xla/xla/stream_executor/cuda/cuda_timer.cc:86] Delay kernel timed out: measured time has sub-optimal accuracy. There may be a missing warmup execution, please investigate in Nsight Systems.
2026-04-27 15:46:40.791779: E external/xla/xla/stream_executor/cuda/cuda_timer.cc:86] Delay kernel timed out: measured time has sub-optimal accuracy. There may be a missing warmup execution, please investigate in Nsight Systems.
2026-04-27 15:46:41.073659: E external/xla/xla/stream_executor/cuda/cuda_timer.cc:86] Delay kernel timed out: measured time has sub-optimal accuracy. There may be a missing warmup execution, please investigate in Nsight Systems.
Loaded 11 old self checkpoints for seed 0 from ./checkpoints/single/cramped_room2
Loaded 11 old self checkpoints for seed 1 from ./checkpoints/single/cramped_room2
Loaded 11 old self checkpoints for seed 2 from ./checkpoints/single/cramped_room2
Loaded 11 old self checkpoints for seed 3 from ./checkpoints/single/cramped_room2
Loaded 11 old self checkpoints for seed 4 from ./checkpoints/single/cramped_room2
Update steps:  228.0
Warmup epochs:  11
Cosine epochs:  217.0
--> Saved seed 0 checkpoint at step 1 to ./fcp_pool/cramped_room2/baseline_seed_0_step_1.msgpack
--> Saved seed 1 checkpoint at step 1 to ./fcp_pool/cramped_room2/baseline_seed_1_step_1.msgpack
--> Saved seed 2 checkpoint at step 1 to ./fcp_pool/cramped_room2/baseline_seed_2_step_1.msgpack
--> Saved seed 3 checkpoint at step 1 to ./fcp_pool/cramped_room2/baseline_seed_3_step_1.msgpack
--> Saved seed 4 checkpoint at step 1 to ./fcp_pool/cramped_room2/baseline_seed_4_step_1.msgpack
--> Saved seed 0 checkpoint at step 22 to ./fcp_pool/cramped_room2/baseline_seed_0_step_22.msgpack
--> Saved seed 1 checkpoint at step 22 to ./fcp_pool/cramped_room2/baseline_seed_1_step_22.msgpack
--> Saved seed 2 checkpoint at step 22 to ./fcp_pool/cramped_room2/baseline_seed_2_step_22.msgpack
--> Saved seed 3 checkpoint at step 22 to ./fcp_pool/cramped_room2/baseline_seed_3_step_22.msgpack
--> Saved seed 4 checkpoint at step 22 to ./fcp_pool/cramped_room2/baseline_seed_4_step_22.msgpack
--> Saved seed 0 checkpoint at step 44 to ./fcp_pool/cramped_room2/baseline_seed_0_step_44.msgpack
--> Saved seed 1 checkpoint at step 44 to ./fcp_pool/cramped_room2/baseline_seed_1_step_44.msgpack
--> Saved seed 2 checkpoint at step 44 to ./fcp_pool/cramped_room2/baseline_seed_2_step_44.msgpack
--> Saved seed 3 checkpoint at step 44 to ./fcp_pool/cramped_room2/baseline_seed_3_step_44.msgpack
--> Saved seed 4 checkpoint at step 44 to ./fcp_pool/cramped_room2/baseline_seed_4_step_44.msgpack
--> Saved seed 0 checkpoint at step 66 to ./fcp_pool/cramped_room2/baseline_seed_0_step_66.msgpack
--> Saved seed 1 checkpoint at step 66 to ./fcp_pool/cramped_room2/baseline_seed_1_step_66.msgpack
--> Saved seed 2 checkpoint at step 66 to ./fcp_pool/cramped_room2/baseline_seed_2_step_66.msgpack
--> Saved seed 3 checkpoint at step 66 to ./fcp_pool/cramped_room2/baseline_seed_3_step_66.msgpack
--> Saved seed 4 checkpoint at step 66 to ./fcp_pool/cramped_room2/baseline_seed_4_step_66.msgpack
--> Saved seed 0 checkpoint at step 88 to ./fcp_pool/cramped_room2/baseline_seed_0_step_88.msgpack
--> Saved seed 1 checkpoint at step 88 to ./fcp_pool/cramped_room2/baseline_seed_1_step_88.msgpack
--> Saved seed 2 checkpoint at step 88 to ./fcp_pool/cramped_room2/baseline_seed_2_step_88.msgpack
--> Saved seed 3 checkpoint at step 88 to ./fcp_pool/cramped_room2/baseline_seed_3_step_88.msgpack
--> Saved seed 4 checkpoint at step 88 to ./fcp_pool/cramped_room2/baseline_seed_4_step_88.msgpack
--> Saved seed 0 checkpoint at step 110 to ./fcp_pool/cramped_room2/baseline_seed_0_step_110.msgpack
--> Saved seed 1 checkpoint at step 110 to ./fcp_pool/cramped_room2/baseline_seed_1_step_110.msgpack
--> Saved seed 2 checkpoint at step 110 to ./fcp_pool/cramped_room2/baseline_seed_2_step_110.msgpack
--> Saved seed 3 checkpoint at step 110 to ./fcp_pool/cramped_room2/baseline_seed_3_step_110.msgpack
--> Saved seed 4 checkpoint at step 110 to ./fcp_pool/cramped_room2/baseline_seed_4_step_110.msgpack
--> Saved seed 0 checkpoint at step 132 to ./fcp_pool/cramped_room2/baseline_seed_0_step_132.msgpack
--> Saved seed 1 checkpoint at step 132 to ./fcp_pool/cramped_room2/baseline_seed_1_step_132.msgpack
--> Saved seed 2 checkpoint at step 132 to ./fcp_pool/cramped_room2/baseline_seed_2_step_132.msgpack
--> Saved seed 3 checkpoint at step 132 to ./fcp_pool/cramped_room2/baseline_seed_3_step_132.msgpack
--> Saved seed 4 checkpoint at step 132 to ./fcp_pool/cramped_room2/baseline_seed_4_step_132.msgpack
--> Saved seed 0 checkpoint at step 154 to ./fcp_pool/cramped_room2/baseline_seed_0_step_154.msgpack
--> Saved seed 1 checkpoint at step 154 to ./fcp_pool/cramped_room2/baseline_seed_1_step_154.msgpack
--> Saved seed 2 checkpoint at step 154 to ./fcp_pool/cramped_room2/baseline_seed_2_step_154.msgpack
--> Saved seed 3 checkpoint at step 154 to ./fcp_pool/cramped_room2/baseline_seed_3_step_154.msgpack
--> Saved seed 4 checkpoint at step 154 to ./fcp_pool/cramped_room2/baseline_seed_4_step_154.msgpack
--> Saved seed 0 checkpoint at step 176 to ./fcp_pool/cramped_room2/baseline_seed_0_step_176.msgpack
--> Saved seed 1 checkpoint at step 176 to ./fcp_pool/cramped_room2/baseline_seed_1_step_176.msgpack
--> Saved seed 2 checkpoint at step 176 to ./fcp_pool/cramped_room2/baseline_seed_2_step_176.msgpack
--> Saved seed 3 checkpoint at step 176 to ./fcp_pool/cramped_room2/baseline_seed_3_step_176.msgpack
--> Saved seed 4 checkpoint at step 176 to ./fcp_pool/cramped_room2/baseline_seed_4_step_176.msgpack
--> Saved seed 0 checkpoint at step 198 to ./fcp_pool/cramped_room2/baseline_seed_0_step_198.msgpack
--> Saved seed 1 checkpoint at step 198 to ./fcp_pool/cramped_room2/baseline_seed_1_step_198.msgpack
--> Saved seed 2 checkpoint at step 198 to ./fcp_pool/cramped_room2/baseline_seed_2_step_198.msgpack
--> Saved seed 3 checkpoint at step 198 to ./fcp_pool/cramped_room2/baseline_seed_3_step_198.msgpack
--> Saved seed 4 checkpoint at step 198 to ./fcp_pool/cramped_room2/baseline_seed_4_step_198.msgpack
--> Saved seed 0 checkpoint at step 220 to ./fcp_pool/cramped_room2/baseline_seed_0_step_220.msgpack
--> Saved seed 1 checkpoint at step 220 to ./fcp_pool/cramped_room2/baseline_seed_1_step_220.msgpack
--> Saved seed 2 checkpoint at step 220 to ./fcp_pool/cramped_room2/baseline_seed_2_step_220.msgpack
--> Saved seed 3 checkpoint at step 220 to ./fcp_pool/cramped_room2/baseline_seed_3_step_220.msgpack
--> Saved seed 4 checkpoint at step 220 to ./fcp_pool/cramped_room2/baseline_seed_4_step_220.msgpack
[1;34mwandb[0m: 
[1;34mwandb[0m: 🚀 View run [33mppo_cpt_cramped_room2[0m at: [34mhttps://wandb.ai/maytusp/self-fcp-overcooked/runs/jgj76bzv[0m
[1;34mwandb[0m: Find logs at: [1;35m../../../../../../../net/scratch/n70579mp/JaxMARL/wandb/run-20260427_154520-jgj76bzv/logs[0m
Failed to import warp: No module named 'warp'
Failed to import mujoco_warp: No module named 'warp'
Importing submoduled environments...
Submoduled environments not found. Skipping import.
wandb: Currently logged in as: maytusp to https://api.wandb.ai. Use `wandb login --relogin` to force relogin
wandb: Tracking run with wandb version 0.21.1
wandb: Run data is saved locally in /net/scratch/n70579mp/JaxMARL/wandb/run-20260427_172117-ed1ggkkr
wandb: Run `wandb offline` to turn off syncing.
wandb: Syncing run ppo_cpt_coord_ring2
wandb: ⭐️ View project at https://wandb.ai/maytusp/self-fcp-overcooked
wandb: 🚀 View run at https://wandb.ai/maytusp/self-fcp-overcooked/runs/ed1ggkkr
2026-04-27 17:21:51.919931: E external/xla/xla/stream_executor/cuda/cuda_timer.cc:86] Delay kernel timed out: measured time has sub-optimal accuracy. There may be a missing warmup execution, please investigate in Nsight Systems.
2026-04-27 17:21:52.080552: E external/xla/xla/stream_executor/cuda/cuda_timer.cc:86] Delay kernel timed out: measured time has sub-optimal accuracy. There may be a missing warmup execution, please investigate in Nsight Systems.
2026-04-27 17:21:52.277849: E external/xla/xla/stream_executor/cuda/cuda_timer.cc:86] Delay kernel timed out: measured time has sub-optimal accuracy. There may be a missing warmup execution, please investigate in Nsight Systems.
2026-04-27 17:21:52.438593: E external/xla/xla/stream_executor/cuda/cuda_timer.cc:86] Delay kernel timed out: measured time has sub-optimal accuracy. There may be a missing warmup execution, please investigate in Nsight Systems.
2026-04-27 17:21:52.635821: E external/xla/xla/stream_executor/cuda/cuda_timer.cc:86] Delay kernel timed out: measured time has sub-optimal accuracy. There may be a missing warmup execution, please investigate in Nsight Systems.
2026-04-27 17:21:52.796331: E external/xla/xla/stream_executor/cuda/cuda_timer.cc:86] Delay kernel timed out: measured time has sub-optimal accuracy. There may be a missing warmup execution, please investigate in Nsight Systems.
2026-04-27 17:21:52.993327: E external/xla/xla/stream_executor/cuda/cuda_timer.cc:86] Delay kernel timed out: measured time has sub-optimal accuracy. There may be a missing warmup execution, please investigate in Nsight Systems.
2026-04-27 17:21:53.153568: E external/xla/xla/stream_executor/cuda/cuda_timer.cc:86] Delay kernel timed out: measured time has sub-optimal accuracy. There may be a missing warmup execution, please investigate in Nsight Systems.
2026-04-27 17:21:53.395594: E external/xla/xla/stream_executor/cuda/cuda_timer.cc:86] Delay kernel timed out: measured time has sub-optimal accuracy. There may be a missing warmup execution, please investigate in Nsight Systems.
2026-04-27 17:21:53.556036: E external/xla/xla/stream_executor/cuda/cuda_timer.cc:86] Delay kernel timed out: measured time has sub-optimal accuracy. There may be a missing warmup execution, please investigate in Nsight Systems.
2026-04-27 17:21:53.926618: E external/xla/xla/stream_executor/cuda/cuda_timer.cc:86] Delay kernel timed out: measured time has sub-optimal accuracy. There may be a missing warmup execution, please investigate in Nsight Systems.
2026-04-27 17:21:54.119184: E external/xla/xla/stream_executor/cuda/cuda_timer.cc:86] Delay kernel timed out: measured time has sub-optimal accuracy. There may be a missing warmup execution, please investigate in Nsight Systems.
2026-04-27 17:21:54.454650: E external/xla/xla/stream_executor/cuda/cuda_timer.cc:86] Delay kernel timed out: measured time has sub-optimal accuracy. There may be a missing warmup execution, please investigate in Nsight Systems.
2026-04-27 17:21:54.692929: E external/xla/xla/stream_executor/cuda/cuda_timer.cc:86] Delay kernel timed out: measured time has sub-optimal accuracy. There may be a missing warmup execution, please investigate in Nsight Systems.
2026-04-27 17:21:54.889010: E external/xla/xla/stream_executor/cuda/cuda_timer.cc:86] Delay kernel timed out: measured time has sub-optimal accuracy. There may be a missing warmup execution, please investigate in Nsight Systems.
2026-04-27 17:21:55.041932: E external/xla/xla/stream_executor/cuda/cuda_timer.cc:86] Delay kernel timed out: measured time has sub-optimal accuracy. There may be a missing warmup execution, please investigate in Nsight Systems.
2026-04-27 17:21:55.221292: E external/xla/xla/stream_executor/cuda/cuda_timer.cc:86] Delay kernel timed out: measured time has sub-optimal accuracy. There may be a missing warmup execution, please investigate in Nsight Systems.
2026-04-27 17:21:55.374525: E external/xla/xla/stream_executor/cuda/cuda_timer.cc:86] Delay kernel timed out: measured time has sub-optimal accuracy. There may be a missing warmup execution, please investigate in Nsight Systems.
2026-04-27 17:21:55.555588: E external/xla/xla/stream_executor/cuda/cuda_timer.cc:86] Delay kernel timed out: measured time has sub-optimal accuracy. There may be a missing warmup execution, please investigate in Nsight Systems.
2026-04-27 17:21:55.708938: E external/xla/xla/stream_executor/cuda/cuda_timer.cc:86] Delay kernel timed out: measured time has sub-optimal accuracy. There may be a missing warmup execution, please investigate in Nsight Systems.
2026-04-27 17:21:55.912709: E external/xla/xla/stream_executor/cuda/cuda_timer.cc:86] Delay kernel timed out: measured time has sub-optimal accuracy. There may be a missing warmup execution, please investigate in Nsight Systems.
2026-04-27 17:21:56.066305: E external/xla/xla/stream_executor/cuda/cuda_timer.cc:86] Delay kernel timed out: measured time has sub-optimal accuracy. There may be a missing warmup execution, please investigate in Nsight Systems.
2026-04-27 17:21:56.246899: E external/xla/xla/stream_executor/cuda/cuda_timer.cc:86] Delay kernel timed out: measured time has sub-optimal accuracy. There may be a missing warmup execution, please investigate in Nsight Systems.
2026-04-27 17:21:56.401188: E external/xla/xla/stream_executor/cuda/cuda_timer.cc:86] Delay kernel timed out: measured time has sub-optimal accuracy. There may be a missing warmup execution, please investigate in Nsight Systems.
2026-04-27 17:21:56.968580: E external/xla/xla/stream_executor/cuda/cuda_timer.cc:86] Delay kernel timed out: measured time has sub-optimal accuracy. There may be a missing warmup execution, please investigate in Nsight Systems.
2026-04-27 17:21:57.226330: E external/xla/xla/stream_executor/cuda/cuda_timer.cc:86] Delay kernel timed out: measured time has sub-optimal accuracy. There may be a missing warmup execution, please investigate in Nsight Systems.
2026-04-27 17:21:57.643728: E external/xla/xla/stream_executor/cuda/cuda_timer.cc:86] Delay kernel timed out: measured time has sub-optimal accuracy. There may be a missing warmup execution, please investigate in Nsight Systems.
2026-04-27 17:21:57.916269: E external/xla/xla/stream_executor/cuda/cuda_timer.cc:86] Delay kernel timed out: measured time has sub-optimal accuracy. There may be a missing warmup execution, please investigate in Nsight Systems.
2026-04-27 17:21:58.118337: E external/xla/xla/stream_executor/cuda/cuda_timer.cc:86] Delay kernel timed out: measured time has sub-optimal accuracy. There may be a missing warmup execution, please investigate in Nsight Systems.
2026-04-27 17:21:58.270468: E external/xla/xla/stream_executor/cuda/cuda_timer.cc:86] Delay kernel timed out: measured time has sub-optimal accuracy. There may be a missing warmup execution, please investigate in Nsight Systems.
2026-04-27 17:21:58.448497: E external/xla/xla/stream_executor/cuda/cuda_timer.cc:86] Delay kernel timed out: measured time has sub-optimal accuracy. There may be a missing warmup execution, please investigate in Nsight Systems.
2026-04-27 17:21:58.600886: E external/xla/xla/stream_executor/cuda/cuda_timer.cc:86] Delay kernel timed out: measured time has sub-optimal accuracy. There may be a missing warmup execution, please investigate in Nsight Systems.
2026-04-27 17:21:58.781219: E external/xla/xla/stream_executor/cuda/cuda_timer.cc:86] Delay kernel timed out: measured time has sub-optimal accuracy. There may be a missing warmup execution, please investigate in Nsight Systems.
2026-04-27 17:21:58.933517: E external/xla/xla/stream_executor/cuda/cuda_timer.cc:86] Delay kernel timed out: measured time has sub-optimal accuracy. There may be a missing warmup execution, please investigate in Nsight Systems.
2026-04-27 17:21:59.113223: E external/xla/xla/stream_executor/cuda/cuda_timer.cc:86] Delay kernel timed out: measured time has sub-optimal accuracy. There may be a missing warmup execution, please investigate in Nsight Systems.
2026-04-27 17:21:59.265416: E external/xla/xla/stream_executor/cuda/cuda_timer.cc:86] Delay kernel timed out: measured time has sub-optimal accuracy. There may be a missing warmup execution, please investigate in Nsight Systems.
2026-04-27 17:21:59.444708: E external/xla/xla/stream_executor/cuda/cuda_timer.cc:86] Delay kernel timed out: measured time has sub-optimal accuracy. There may be a missing warmup execution, please investigate in Nsight Systems.
2026-04-27 17:21:59.597785: E external/xla/xla/stream_executor/cuda/cuda_timer.cc:86] Delay kernel timed out: measured time has sub-optimal accuracy. There may be a missing warmup execution, please investigate in Nsight Systems.
2026-04-27 17:22:00.140575: E external/xla/xla/stream_executor/cuda/cuda_timer.cc:86] Delay kernel timed out: measured time has sub-optimal accuracy. There may be a missing warmup execution, please investigate in Nsight Systems.
2026-04-27 17:22:00.385854: E external/xla/xla/stream_executor/cuda/cuda_timer.cc:86] Delay kernel timed out: measured time has sub-optimal accuracy. There may be a missing warmup execution, please investigate in Nsight Systems.
2026-04-27 17:22:00.606501: E external/xla/xla/stream_executor/cuda/cuda_timer.cc:86] Delay kernel timed out: measured time has sub-optimal accuracy. There may be a missing warmup execution, please investigate in Nsight Systems.
2026-04-27 17:22:00.779660: E external/xla/xla/stream_executor/cuda/cuda_timer.cc:86] Delay kernel timed out: measured time has sub-optimal accuracy. There may be a missing warmup execution, please investigate in Nsight Systems.
2026-04-27 17:22:00.995261: E external/xla/xla/stream_executor/cuda/cuda_timer.cc:86] Delay kernel timed out: measured time has sub-optimal accuracy. There may be a missing warmup execution, please investigate in Nsight Systems.
2026-04-27 17:22:01.147384: E external/xla/xla/stream_executor/cuda/cuda_timer.cc:86] Delay kernel timed out: measured time has sub-optimal accuracy. There may be a missing warmup execution, please investigate in Nsight Systems.
2026-04-27 17:22:01.325211: E external/xla/xla/stream_executor/cuda/cuda_timer.cc:86] Delay kernel timed out: measured time has sub-optimal accuracy. There may be a missing warmup execution, please investigate in Nsight Systems.
2026-04-27 17:22:01.478035: E external/xla/xla/stream_executor/cuda/cuda_timer.cc:86] Delay kernel timed out: measured time has sub-optimal accuracy. There may be a missing warmup execution, please investigate in Nsight Systems.
2026-04-27 17:22:01.657243: E external/xla/xla/stream_executor/cuda/cuda_timer.cc:86] Delay kernel timed out: measured time has sub-optimal accuracy. There may be a missing warmup execution, please investigate in Nsight Systems.
2026-04-27 17:22:01.810011: E external/xla/xla/stream_executor/cuda/cuda_timer.cc:86] Delay kernel timed out: measured time has sub-optimal accuracy. There may be a missing warmup execution, please investigate in Nsight Systems.
2026-04-27 17:22:02.042582: E external/xla/xla/stream_executor/cuda/cuda_timer.cc:86] Delay kernel timed out: measured time has sub-optimal accuracy. There may be a missing warmup execution, please investigate in Nsight Systems.
2026-04-27 17:22:02.195665: E external/xla/xla/stream_executor/cuda/cuda_timer.cc:86] Delay kernel timed out: measured time has sub-optimal accuracy. There may be a missing warmup execution, please investigate in Nsight Systems.
2026-04-27 17:22:02.376339: E external/xla/xla/stream_executor/cuda/cuda_timer.cc:86] Delay kernel timed out: measured time has sub-optimal accuracy. There may be a missing warmup execution, please investigate in Nsight Systems.
2026-04-27 17:22:02.530597: E external/xla/xla/stream_executor/cuda/cuda_timer.cc:86] Delay kernel timed out: measured time has sub-optimal accuracy. There may be a missing warmup execution, please investigate in Nsight Systems.
2026-04-27 17:22:02.844222: E external/xla/xla/stream_executor/cuda/cuda_timer.cc:86] Delay kernel timed out: measured time has sub-optimal accuracy. There may be a missing warmup execution, please investigate in Nsight Systems.
2026-04-27 17:22:03.014257: E external/xla/xla/stream_executor/cuda/cuda_timer.cc:86] Delay kernel timed out: measured time has sub-optimal accuracy. There may be a missing warmup execution, please investigate in Nsight Systems.
2026-04-27 17:22:03.298501: E external/xla/xla/stream_executor/cuda/cuda_timer.cc:86] Delay kernel timed out: measured time has sub-optimal accuracy. There may be a missing warmup execution, please investigate in Nsight Systems.
2026-04-27 17:22:03.516599: E external/xla/xla/stream_executor/cuda/cuda_timer.cc:86] Delay kernel timed out: measured time has sub-optimal accuracy. There may be a missing warmup execution, please investigate in Nsight Systems.
2026-04-27 17:22:03.757197: E external/xla/xla/stream_executor/cuda/cuda_timer.cc:86] Delay kernel timed out: measured time has sub-optimal accuracy. There may be a missing warmup execution, please investigate in Nsight Systems.
2026-04-27 17:22:03.949108: E external/xla/xla/stream_executor/cuda/cuda_timer.cc:86] Delay kernel timed out: measured time has sub-optimal accuracy. There may be a missing warmup execution, please investigate in Nsight Systems.
2026-04-27 17:22:04.149958: E external/xla/xla/stream_executor/cuda/cuda_timer.cc:86] Delay kernel timed out: measured time has sub-optimal accuracy. There may be a missing warmup execution, please investigate in Nsight Systems.
2026-04-27 17:22:04.302337: E external/xla/xla/stream_executor/cuda/cuda_timer.cc:86] Delay kernel timed out: measured time has sub-optimal accuracy. There may be a missing warmup execution, please investigate in Nsight Systems.
2026-04-27 17:22:04.481979: E external/xla/xla/stream_executor/cuda/cuda_timer.cc:86] Delay kernel timed out: measured time has sub-optimal accuracy. There may be a missing warmup execution, please investigate in Nsight Systems.
2026-04-27 17:22:04.635027: E external/xla/xla/stream_executor/cuda/cuda_timer.cc:86] Delay kernel timed out: measured time has sub-optimal accuracy. There may be a missing warmup execution, please investigate in Nsight Systems.
2026-04-27 17:22:04.845962: E external/xla/xla/stream_executor/cuda/cuda_timer.cc:86] Delay kernel timed out: measured time has sub-optimal accuracy. There may be a missing warmup execution, please investigate in Nsight Systems.
2026-04-27 17:22:04.998740: E external/xla/xla/stream_executor/cuda/cuda_timer.cc:86] Delay kernel timed out: measured time has sub-optimal accuracy. There may be a missing warmup execution, please investigate in Nsight Systems.
2026-04-27 17:22:05.178100: E external/xla/xla/stream_executor/cuda/cuda_timer.cc:86] Delay kernel timed out: measured time has sub-optimal accuracy. There may be a missing warmup execution, please investigate in Nsight Systems.
2026-04-27 17:22:05.331779: E external/xla/xla/stream_executor/cuda/cuda_timer.cc:86] Delay kernel timed out: measured time has sub-optimal accuracy. There may be a missing warmup execution, please investigate in Nsight Systems.
2026-04-27 17:22:05.512900: E external/xla/xla/stream_executor/cuda/cuda_timer.cc:86] Delay kernel timed out: measured time has sub-optimal accuracy. There may be a missing warmup execution, please investigate in Nsight Systems.
2026-04-27 17:22:05.667410: E external/xla/xla/stream_executor/cuda/cuda_timer.cc:86] Delay kernel timed out: measured time has sub-optimal accuracy. There may be a missing warmup execution, please investigate in Nsight Systems.
2026-04-27 17:22:06.070495: E external/xla/xla/stream_executor/cuda/cuda_timer.cc:86] Delay kernel timed out: measured time has sub-optimal accuracy. There may be a missing warmup execution, please investigate in Nsight Systems.
2026-04-27 17:22:06.240709: E external/xla/xla/stream_executor/cuda/cuda_timer.cc:86] Delay kernel timed out: measured time has sub-optimal accuracy. There may be a missing warmup execution, please investigate in Nsight Systems.
2026-04-27 17:22:06.539893: E external/xla/xla/stream_executor/cuda/cuda_timer.cc:86] Delay kernel timed out: measured time has sub-optimal accuracy. There may be a missing warmup execution, please investigate in Nsight Systems.
2026-04-27 17:22:06.765657: E external/xla/xla/stream_executor/cuda/cuda_timer.cc:86] Delay kernel timed out: measured time has sub-optimal accuracy. There may be a missing warmup execution, please investigate in Nsight Systems.
2026-04-27 17:22:07.052236: E external/xla/xla/stream_executor/cuda/cuda_timer.cc:86] Delay kernel timed out: measured time has sub-optimal accuracy. There may be a missing warmup execution, please investigate in Nsight Systems.
2026-04-27 17:22:07.274741: E external/xla/xla/stream_executor/cuda/cuda_timer.cc:86] Delay kernel timed out: measured time has sub-optimal accuracy. There may be a missing warmup execution, please investigate in Nsight Systems.
2026-04-27 17:22:07.487571: E external/xla/xla/stream_executor/cuda/cuda_timer.cc:86] Delay kernel timed out: measured time has sub-optimal accuracy. There may be a missing warmup execution, please investigate in Nsight Systems.
2026-04-27 17:22:07.640450: E external/xla/xla/stream_executor/cuda/cuda_timer.cc:86] Delay kernel timed out: measured time has sub-optimal accuracy. There may be a missing warmup execution, please investigate in Nsight Systems.
2026-04-27 17:22:07.819141: E external/xla/xla/stream_executor/cuda/cuda_timer.cc:86] Delay kernel timed out: measured time has sub-optimal accuracy. There may be a missing warmup execution, please investigate in Nsight Systems.
2026-04-27 17:22:07.971780: E external/xla/xla/stream_executor/cuda/cuda_timer.cc:86] Delay kernel timed out: measured time has sub-optimal accuracy. There may be a missing warmup execution, please investigate in Nsight Systems.
2026-04-27 17:22:08.150140: E external/xla/xla/stream_executor/cuda/cuda_timer.cc:86] Delay kernel timed out: measured time has sub-optimal accuracy. There may be a missing warmup execution, please investigate in Nsight Systems.
2026-04-27 17:22:08.305051: E external/xla/xla/stream_executor/cuda/cuda_timer.cc:86] Delay kernel timed out: measured time has sub-optimal accuracy. There may be a missing warmup execution, please investigate in Nsight Systems.
2026-04-27 17:22:08.487511: E external/xla/xla/stream_executor/cuda/cuda_timer.cc:86] Delay kernel timed out: measured time has sub-optimal accuracy. There may be a missing warmup execution, please investigate in Nsight Systems.
2026-04-27 17:22:08.640379: E external/xla/xla/stream_executor/cuda/cuda_timer.cc:86] Delay kernel timed out: measured time has sub-optimal accuracy. There may be a missing warmup execution, please investigate in Nsight Systems.
2026-04-27 17:22:08.819128: E external/xla/xla/stream_executor/cuda/cuda_timer.cc:86] Delay kernel timed out: measured time has sub-optimal accuracy. There may be a missing warmup execution, please investigate in Nsight Systems.
2026-04-27 17:22:08.973346: E external/xla/xla/stream_executor/cuda/cuda_timer.cc:86] Delay kernel timed out: measured time has sub-optimal accuracy. There may be a missing warmup execution, please investigate in Nsight Systems.
2026-04-27 17:22:09.428487: E external/xla/xla/stream_executor/cuda/cuda_timer.cc:86] Delay kernel timed out: measured time has sub-optimal accuracy. There may be a missing warmup execution, please investigate in Nsight Systems.
2026-04-27 17:22:09.601146: E external/xla/xla/stream_executor/cuda/cuda_timer.cc:86] Delay kernel timed out: measured time has sub-optimal accuracy. There may be a missing warmup execution, please investigate in Nsight Systems.
2026-04-27 17:22:09.908607: E external/xla/xla/stream_executor/cuda/cuda_timer.cc:86] Delay kernel timed out: measured time has sub-optimal accuracy. There may be a missing warmup execution, please investigate in Nsight Systems.
2026-04-27 17:22:10.138611: E external/xla/xla/stream_executor/cuda/cuda_timer.cc:86] Delay kernel timed out: measured time has sub-optimal accuracy. There may be a missing warmup execution, please investigate in Nsight Systems.
2026-04-27 17:22:10.526425: E external/xla/xla/stream_executor/cuda/cuda_timer.cc:86] Delay kernel timed out: measured time has sub-optimal accuracy. There may be a missing warmup execution, please investigate in Nsight Systems.
2026-04-27 17:22:10.809085: E external/xla/xla/stream_executor/cuda/cuda_timer.cc:86] Delay kernel timed out: measured time has sub-optimal accuracy. There may be a missing warmup execution, please investigate in Nsight Systems.
Loaded 11 old self checkpoints for seed 0 from ./checkpoints/single/coord_ring2
Loaded 11 old self checkpoints for seed 1 from ./checkpoints/single/coord_ring2
Loaded 11 old self checkpoints for seed 2 from ./checkpoints/single/coord_ring2
Loaded 11 old self checkpoints for seed 3 from ./checkpoints/single/coord_ring2
Loaded 11 old self checkpoints for seed 4 from ./checkpoints/single/coord_ring2
Update steps:  228.0
Warmup epochs:  11
Cosine epochs:  217.0
--> Saved seed 0 checkpoint at step 1 to ./fcp_pool/coord_ring2/baseline_seed_0_step_1.msgpack
--> Saved seed 1 checkpoint at step 1 to ./fcp_pool/coord_ring2/baseline_seed_1_step_1.msgpack
--> Saved seed 2 checkpoint at step 1 to ./fcp_pool/coord_ring2/baseline_seed_2_step_1.msgpack
--> Saved seed 3 checkpoint at step 1 to ./fcp_pool/coord_ring2/baseline_seed_3_step_1.msgpack
--> Saved seed 4 checkpoint at step 1 to ./fcp_pool/coord_ring2/baseline_seed_4_step_1.msgpack
--> Saved seed 0 checkpoint at step 22 to ./fcp_pool/coord_ring2/baseline_seed_0_step_22.msgpack
--> Saved seed 1 checkpoint at step 22 to ./fcp_pool/coord_ring2/baseline_seed_1_step_22.msgpack
--> Saved seed 2 checkpoint at step 22 to ./fcp_pool/coord_ring2/baseline_seed_2_step_22.msgpack
--> Saved seed 3 checkpoint at step 22 to ./fcp_pool/coord_ring2/baseline_seed_3_step_22.msgpack
--> Saved seed 4 checkpoint at step 22 to ./fcp_pool/coord_ring2/baseline_seed_4_step_22.msgpack
--> Saved seed 0 checkpoint at step 44 to ./fcp_pool/coord_ring2/baseline_seed_0_step_44.msgpack
--> Saved seed 1 checkpoint at step 44 to ./fcp_pool/coord_ring2/baseline_seed_1_step_44.msgpack
--> Saved seed 2 checkpoint at step 44 to ./fcp_pool/coord_ring2/baseline_seed_2_step_44.msgpack
--> Saved seed 3 checkpoint at step 44 to ./fcp_pool/coord_ring2/baseline_seed_3_step_44.msgpack
--> Saved seed 4 checkpoint at step 44 to ./fcp_pool/coord_ring2/baseline_seed_4_step_44.msgpack
--> Saved seed 0 checkpoint at step 66 to ./fcp_pool/coord_ring2/baseline_seed_0_step_66.msgpack
--> Saved seed 1 checkpoint at step 66 to ./fcp_pool/coord_ring2/baseline_seed_1_step_66.msgpack
--> Saved seed 2 checkpoint at step 66 to ./fcp_pool/coord_ring2/baseline_seed_2_step_66.msgpack
--> Saved seed 3 checkpoint at step 66 to ./fcp_pool/coord_ring2/baseline_seed_3_step_66.msgpack
--> Saved seed 4 checkpoint at step 66 to ./fcp_pool/coord_ring2/baseline_seed_4_step_66.msgpack
--> Saved seed 0 checkpoint at step 88 to ./fcp_pool/coord_ring2/baseline_seed_0_step_88.msgpack
--> Saved seed 1 checkpoint at step 88 to ./fcp_pool/coord_ring2/baseline_seed_1_step_88.msgpack
--> Saved seed 2 checkpoint at step 88 to ./fcp_pool/coord_ring2/baseline_seed_2_step_88.msgpack
--> Saved seed 3 checkpoint at step 88 to ./fcp_pool/coord_ring2/baseline_seed_3_step_88.msgpack
--> Saved seed 4 checkpoint at step 88 to ./fcp_pool/coord_ring2/baseline_seed_4_step_88.msgpack
--> Saved seed 0 checkpoint at step 110 to ./fcp_pool/coord_ring2/baseline_seed_0_step_110.msgpack
--> Saved seed 1 checkpoint at step 110 to ./fcp_pool/coord_ring2/baseline_seed_1_step_110.msgpack
--> Saved seed 2 checkpoint at step 110 to ./fcp_pool/coord_ring2/baseline_seed_2_step_110.msgpack
--> Saved seed 3 checkpoint at step 110 to ./fcp_pool/coord_ring2/baseline_seed_3_step_110.msgpack
--> Saved seed 4 checkpoint at step 110 to ./fcp_pool/coord_ring2/baseline_seed_4_step_110.msgpack
--> Saved seed 0 checkpoint at step 132 to ./fcp_pool/coord_ring2/baseline_seed_0_step_132.msgpack
--> Saved seed 1 checkpoint at step 132 to ./fcp_pool/coord_ring2/baseline_seed_1_step_132.msgpack
--> Saved seed 2 checkpoint at step 132 to ./fcp_pool/coord_ring2/baseline_seed_2_step_132.msgpack
--> Saved seed 3 checkpoint at step 132 to ./fcp_pool/coord_ring2/baseline_seed_3_step_132.msgpack
--> Saved seed 4 checkpoint at step 132 to ./fcp_pool/coord_ring2/baseline_seed_4_step_132.msgpack
--> Saved seed 0 checkpoint at step 154 to ./fcp_pool/coord_ring2/baseline_seed_0_step_154.msgpack
--> Saved seed 1 checkpoint at step 154 to ./fcp_pool/coord_ring2/baseline_seed_1_step_154.msgpack
--> Saved seed 2 checkpoint at step 154 to ./fcp_pool/coord_ring2/baseline_seed_2_step_154.msgpack
--> Saved seed 3 checkpoint at step 154 to ./fcp_pool/coord_ring2/baseline_seed_3_step_154.msgpack
--> Saved seed 4 checkpoint at step 154 to ./fcp_pool/coord_ring2/baseline_seed_4_step_154.msgpack
--> Saved seed 0 checkpoint at step 176 to ./fcp_pool/coord_ring2/baseline_seed_0_step_176.msgpack
--> Saved seed 1 checkpoint at step 176 to ./fcp_pool/coord_ring2/baseline_seed_1_step_176.msgpack
--> Saved seed 2 checkpoint at step 176 to ./fcp_pool/coord_ring2/baseline_seed_2_step_176.msgpack
--> Saved seed 3 checkpoint at step 176 to ./fcp_pool/coord_ring2/baseline_seed_3_step_176.msgpack
--> Saved seed 4 checkpoint at step 176 to ./fcp_pool/coord_ring2/baseline_seed_4_step_176.msgpack
--> Saved seed 0 checkpoint at step 198 to ./fcp_pool/coord_ring2/baseline_seed_0_step_198.msgpack
--> Saved seed 1 checkpoint at step 198 to ./fcp_pool/coord_ring2/baseline_seed_1_step_198.msgpack
--> Saved seed 2 checkpoint at step 198 to ./fcp_pool/coord_ring2/baseline_seed_2_step_198.msgpack
--> Saved seed 3 checkpoint at step 198 to ./fcp_pool/coord_ring2/baseline_seed_3_step_198.msgpack
--> Saved seed 4 checkpoint at step 198 to ./fcp_pool/coord_ring2/baseline_seed_4_step_198.msgpack
--> Saved seed 0 checkpoint at step 220 to ./fcp_pool/coord_ring2/baseline_seed_0_step_220.msgpack
--> Saved seed 1 checkpoint at step 220 to ./fcp_pool/coord_ring2/baseline_seed_1_step_220.msgpack
--> Saved seed 2 checkpoint at step 220 to ./fcp_pool/coord_ring2/baseline_seed_2_step_220.msgpack
--> Saved seed 3 checkpoint at step 220 to ./fcp_pool/coord_ring2/baseline_seed_3_step_220.msgpack
--> Saved seed 4 checkpoint at step 220 to ./fcp_pool/coord_ring2/baseline_seed_4_step_220.msgpack
[1;34mwandb[0m: 
[1;34mwandb[0m: 🚀 View run [33mppo_cpt_coord_ring2[0m at: [34mhttps://wandb.ai/maytusp/self-fcp-overcooked/runs/ed1ggkkr[0m
[1;34mwandb[0m: Find logs at: [1;35m../../../../../../../net/scratch/n70579mp/JaxMARL/wandb/run-20260427_172117-ed1ggkkr/logs[0m
Failed to import warp: No module named 'warp'
Failed to import mujoco_warp: No module named 'warp'
Importing submoduled environments...
Submoduled environments not found. Skipping import.
wandb: Currently logged in as: maytusp to https://api.wandb.ai. Use `wandb login --relogin` to force relogin
wandb: Tracking run with wandb version 0.21.1
wandb: Run data is saved locally in /net/scratch/n70579mp/JaxMARL/wandb/run-20260427_185655-6bq2y24t
wandb: Run `wandb offline` to turn off syncing.
wandb: Syncing run ppo_cpt_counter_circuit2
wandb: ⭐️ View project at https://wandb.ai/maytusp/self-fcp-overcooked
wandb: 🚀 View run at https://wandb.ai/maytusp/self-fcp-overcooked/runs/6bq2y24t
2026-04-27 18:57:35.080706: E external/xla/xla/stream_executor/cuda/cuda_timer.cc:86] Delay kernel timed out: measured time has sub-optimal accuracy. There may be a missing warmup execution, please investigate in Nsight Systems.
2026-04-27 18:57:35.243278: E external/xla/xla/stream_executor/cuda/cuda_timer.cc:86] Delay kernel timed out: measured time has sub-optimal accuracy. There may be a missing warmup execution, please investigate in Nsight Systems.
2026-04-27 18:57:35.444929: E external/xla/xla/stream_executor/cuda/cuda_timer.cc:86] Delay kernel timed out: measured time has sub-optimal accuracy. There may be a missing warmup execution, please investigate in Nsight Systems.
2026-04-27 18:57:35.607416: E external/xla/xla/stream_executor/cuda/cuda_timer.cc:86] Delay kernel timed out: measured time has sub-optimal accuracy. There may be a missing warmup execution, please investigate in Nsight Systems.
2026-04-27 18:57:35.818592: E external/xla/xla/stream_executor/cuda/cuda_timer.cc:86] Delay kernel timed out: measured time has sub-optimal accuracy. There may be a missing warmup execution, please investigate in Nsight Systems.
2026-04-27 18:57:35.981052: E external/xla/xla/stream_executor/cuda/cuda_timer.cc:86] Delay kernel timed out: measured time has sub-optimal accuracy. There may be a missing warmup execution, please investigate in Nsight Systems.
2026-04-27 18:57:36.189983: E external/xla/xla/stream_executor/cuda/cuda_timer.cc:86] Delay kernel timed out: measured time has sub-optimal accuracy. There may be a missing warmup execution, please investigate in Nsight Systems.
2026-04-27 18:57:36.352351: E external/xla/xla/stream_executor/cuda/cuda_timer.cc:86] Delay kernel timed out: measured time has sub-optimal accuracy. There may be a missing warmup execution, please investigate in Nsight Systems.
2026-04-27 18:57:36.628812: E external/xla/xla/stream_executor/cuda/cuda_timer.cc:86] Delay kernel timed out: measured time has sub-optimal accuracy. There may be a missing warmup execution, please investigate in Nsight Systems.
2026-04-27 18:57:36.790977: E external/xla/xla/stream_executor/cuda/cuda_timer.cc:86] Delay kernel timed out: measured time has sub-optimal accuracy. There may be a missing warmup execution, please investigate in Nsight Systems.
2026-04-27 18:57:37.174230: E external/xla/xla/stream_executor/cuda/cuda_timer.cc:86] Delay kernel timed out: measured time has sub-optimal accuracy. There may be a missing warmup execution, please investigate in Nsight Systems.
2026-04-27 18:57:37.368661: E external/xla/xla/stream_executor/cuda/cuda_timer.cc:86] Delay kernel timed out: measured time has sub-optimal accuracy. There may be a missing warmup execution, please investigate in Nsight Systems.
2026-04-27 18:57:37.707389: E external/xla/xla/stream_executor/cuda/cuda_timer.cc:86] Delay kernel timed out: measured time has sub-optimal accuracy. There may be a missing warmup execution, please investigate in Nsight Systems.
2026-04-27 18:57:37.947623: E external/xla/xla/stream_executor/cuda/cuda_timer.cc:86] Delay kernel timed out: measured time has sub-optimal accuracy. There may be a missing warmup execution, please investigate in Nsight Systems.
2026-04-27 18:57:38.151623: E external/xla/xla/stream_executor/cuda/cuda_timer.cc:86] Delay kernel timed out: measured time has sub-optimal accuracy. There may be a missing warmup execution, please investigate in Nsight Systems.
2026-04-27 18:57:38.305784: E external/xla/xla/stream_executor/cuda/cuda_timer.cc:86] Delay kernel timed out: measured time has sub-optimal accuracy. There may be a missing warmup execution, please investigate in Nsight Systems.
2026-04-27 18:57:38.493205: E external/xla/xla/stream_executor/cuda/cuda_timer.cc:86] Delay kernel timed out: measured time has sub-optimal accuracy. There may be a missing warmup execution, please investigate in Nsight Systems.
2026-04-27 18:57:38.647361: E external/xla/xla/stream_executor/cuda/cuda_timer.cc:86] Delay kernel timed out: measured time has sub-optimal accuracy. There may be a missing warmup execution, please investigate in Nsight Systems.
2026-04-27 18:57:38.835112: E external/xla/xla/stream_executor/cuda/cuda_timer.cc:86] Delay kernel timed out: measured time has sub-optimal accuracy. There may be a missing warmup execution, please investigate in Nsight Systems.
2026-04-27 18:57:38.989557: E external/xla/xla/stream_executor/cuda/cuda_timer.cc:86] Delay kernel timed out: measured time has sub-optimal accuracy. There may be a missing warmup execution, please investigate in Nsight Systems.
2026-04-27 18:57:39.202707: E external/xla/xla/stream_executor/cuda/cuda_timer.cc:86] Delay kernel timed out: measured time has sub-optimal accuracy. There may be a missing warmup execution, please investigate in Nsight Systems.
2026-04-27 18:57:39.357415: E external/xla/xla/stream_executor/cuda/cuda_timer.cc:86] Delay kernel timed out: measured time has sub-optimal accuracy. There may be a missing warmup execution, please investigate in Nsight Systems.
2026-04-27 18:57:39.545790: E external/xla/xla/stream_executor/cuda/cuda_timer.cc:86] Delay kernel timed out: measured time has sub-optimal accuracy. There may be a missing warmup execution, please investigate in Nsight Systems.
2026-04-27 18:57:39.700696: E external/xla/xla/stream_executor/cuda/cuda_timer.cc:86] Delay kernel timed out: measured time has sub-optimal accuracy. There may be a missing warmup execution, please investigate in Nsight Systems.
2026-04-27 18:57:40.293958: E external/xla/xla/stream_executor/cuda/cuda_timer.cc:86] Delay kernel timed out: measured time has sub-optimal accuracy. There may be a missing warmup execution, please investigate in Nsight Systems.
2026-04-27 18:57:40.552825: E external/xla/xla/stream_executor/cuda/cuda_timer.cc:86] Delay kernel timed out: measured time has sub-optimal accuracy. There may be a missing warmup execution, please investigate in Nsight Systems.
2026-04-27 18:57:40.972236: E external/xla/xla/stream_executor/cuda/cuda_timer.cc:86] Delay kernel timed out: measured time has sub-optimal accuracy. There may be a missing warmup execution, please investigate in Nsight Systems.
2026-04-27 18:57:41.246648: E external/xla/xla/stream_executor/cuda/cuda_timer.cc:86] Delay kernel timed out: measured time has sub-optimal accuracy. There may be a missing warmup execution, please investigate in Nsight Systems.
2026-04-27 18:57:41.456135: E external/xla/xla/stream_executor/cuda/cuda_timer.cc:86] Delay kernel timed out: measured time has sub-optimal accuracy. There may be a missing warmup execution, please investigate in Nsight Systems.
2026-04-27 18:57:41.609539: E external/xla/xla/stream_executor/cuda/cuda_timer.cc:86] Delay kernel timed out: measured time has sub-optimal accuracy. There may be a missing warmup execution, please investigate in Nsight Systems.
2026-04-27 18:57:41.796325: E external/xla/xla/stream_executor/cuda/cuda_timer.cc:86] Delay kernel timed out: measured time has sub-optimal accuracy. There may be a missing warmup execution, please investigate in Nsight Systems.
2026-04-27 18:57:41.949917: E external/xla/xla/stream_executor/cuda/cuda_timer.cc:86] Delay kernel timed out: measured time has sub-optimal accuracy. There may be a missing warmup execution, please investigate in Nsight Systems.
2026-04-27 18:57:42.136701: E external/xla/xla/stream_executor/cuda/cuda_timer.cc:86] Delay kernel timed out: measured time has sub-optimal accuracy. There may be a missing warmup execution, please investigate in Nsight Systems.
2026-04-27 18:57:42.290071: E external/xla/xla/stream_executor/cuda/cuda_timer.cc:86] Delay kernel timed out: measured time has sub-optimal accuracy. There may be a missing warmup execution, please investigate in Nsight Systems.
2026-04-27 18:57:42.476421: E external/xla/xla/stream_executor/cuda/cuda_timer.cc:86] Delay kernel timed out: measured time has sub-optimal accuracy. There may be a missing warmup execution, please investigate in Nsight Systems.
2026-04-27 18:57:42.629443: E external/xla/xla/stream_executor/cuda/cuda_timer.cc:86] Delay kernel timed out: measured time has sub-optimal accuracy. There may be a missing warmup execution, please investigate in Nsight Systems.
2026-04-27 18:57:42.815358: E external/xla/xla/stream_executor/cuda/cuda_timer.cc:86] Delay kernel timed out: measured time has sub-optimal accuracy. There may be a missing warmup execution, please investigate in Nsight Systems.
2026-04-27 18:57:42.969201: E external/xla/xla/stream_executor/cuda/cuda_timer.cc:86] Delay kernel timed out: measured time has sub-optimal accuracy. There may be a missing warmup execution, please investigate in Nsight Systems.
2026-04-27 18:57:43.579952: E external/xla/xla/stream_executor/cuda/cuda_timer.cc:86] Delay kernel timed out: measured time has sub-optimal accuracy. There may be a missing warmup execution, please investigate in Nsight Systems.
2026-04-27 18:57:43.826333: E external/xla/xla/stream_executor/cuda/cuda_timer.cc:86] Delay kernel timed out: measured time has sub-optimal accuracy. There may be a missing warmup execution, please investigate in Nsight Systems.
2026-04-27 18:57:44.055465: E external/xla/xla/stream_executor/cuda/cuda_timer.cc:86] Delay kernel timed out: measured time has sub-optimal accuracy. There may be a missing warmup execution, please investigate in Nsight Systems.
2026-04-27 18:57:44.229563: E external/xla/xla/stream_executor/cuda/cuda_timer.cc:86] Delay kernel timed out: measured time has sub-optimal accuracy. There may be a missing warmup execution, please investigate in Nsight Systems.
2026-04-27 18:57:44.453277: E external/xla/xla/stream_executor/cuda/cuda_timer.cc:86] Delay kernel timed out: measured time has sub-optimal accuracy. There may be a missing warmup execution, please investigate in Nsight Systems.
2026-04-27 18:57:44.606662: E external/xla/xla/stream_executor/cuda/cuda_timer.cc:86] Delay kernel timed out: measured time has sub-optimal accuracy. There may be a missing warmup execution, please investigate in Nsight Systems.
2026-04-27 18:57:44.792308: E external/xla/xla/stream_executor/cuda/cuda_timer.cc:86] Delay kernel timed out: measured time has sub-optimal accuracy. There may be a missing warmup execution, please investigate in Nsight Systems.
2026-04-27 18:57:44.945903: E external/xla/xla/stream_executor/cuda/cuda_timer.cc:86] Delay kernel timed out: measured time has sub-optimal accuracy. There may be a missing warmup execution, please investigate in Nsight Systems.
2026-04-27 18:57:45.132025: E external/xla/xla/stream_executor/cuda/cuda_timer.cc:86] Delay kernel timed out: measured time has sub-optimal accuracy. There may be a missing warmup execution, please investigate in Nsight Systems.
2026-04-27 18:57:45.285949: E external/xla/xla/stream_executor/cuda/cuda_timer.cc:86] Delay kernel timed out: measured time has sub-optimal accuracy. There may be a missing warmup execution, please investigate in Nsight Systems.
2026-04-27 18:57:45.527323: E external/xla/xla/stream_executor/cuda/cuda_timer.cc:86] Delay kernel timed out: measured time has sub-optimal accuracy. There may be a missing warmup execution, please investigate in Nsight Systems.
2026-04-27 18:57:45.681668: E external/xla/xla/stream_executor/cuda/cuda_timer.cc:86] Delay kernel timed out: measured time has sub-optimal accuracy. There may be a missing warmup execution, please investigate in Nsight Systems.
2026-04-27 18:57:45.869122: E external/xla/xla/stream_executor/cuda/cuda_timer.cc:86] Delay kernel timed out: measured time has sub-optimal accuracy. There may be a missing warmup execution, please investigate in Nsight Systems.
2026-04-27 18:57:46.024700: E external/xla/xla/stream_executor/cuda/cuda_timer.cc:86] Delay kernel timed out: measured time has sub-optimal accuracy. There may be a missing warmup execution, please investigate in Nsight Systems.
2026-04-27 18:57:46.378464: E external/xla/xla/stream_executor/cuda/cuda_timer.cc:86] Delay kernel timed out: measured time has sub-optimal accuracy. There may be a missing warmup execution, please investigate in Nsight Systems.
2026-04-27 18:57:46.552372: E external/xla/xla/stream_executor/cuda/cuda_timer.cc:86] Delay kernel timed out: measured time has sub-optimal accuracy. There may be a missing warmup execution, please investigate in Nsight Systems.
2026-04-27 18:57:46.825412: E external/xla/xla/stream_executor/cuda/cuda_timer.cc:86] Delay kernel timed out: measured time has sub-optimal accuracy. There may be a missing warmup execution, please investigate in Nsight Systems.
2026-04-27 18:57:47.044866: E external/xla/xla/stream_executor/cuda/cuda_timer.cc:86] Delay kernel timed out: measured time has sub-optimal accuracy. There may be a missing warmup execution, please investigate in Nsight Systems.
2026-04-27 18:57:47.301019: E external/xla/xla/stream_executor/cuda/cuda_timer.cc:86] Delay kernel timed out: measured time has sub-optimal accuracy. There may be a missing warmup execution, please investigate in Nsight Systems.
2026-04-27 18:57:47.494908: E external/xla/xla/stream_executor/cuda/cuda_timer.cc:86] Delay kernel timed out: measured time has sub-optimal accuracy. There may be a missing warmup execution, please investigate in Nsight Systems.
2026-04-27 18:57:47.696403: E external/xla/xla/stream_executor/cuda/cuda_timer.cc:86] Delay kernel timed out: measured time has sub-optimal accuracy. There may be a missing warmup execution, please investigate in Nsight Systems.
2026-04-27 18:57:47.849900: E external/xla/xla/stream_executor/cuda/cuda_timer.cc:86] Delay kernel timed out: measured time has sub-optimal accuracy. There may be a missing warmup execution, please investigate in Nsight Systems.
2026-04-27 18:57:48.036296: E external/xla/xla/stream_executor/cuda/cuda_timer.cc:86] Delay kernel timed out: measured time has sub-optimal accuracy. There may be a missing warmup execution, please investigate in Nsight Systems.
2026-04-27 18:57:48.190012: E external/xla/xla/stream_executor/cuda/cuda_timer.cc:86] Delay kernel timed out: measured time has sub-optimal accuracy. There may be a missing warmup execution, please investigate in Nsight Systems.
2026-04-27 18:57:48.407570: E external/xla/xla/stream_executor/cuda/cuda_timer.cc:86] Delay kernel timed out: measured time has sub-optimal accuracy. There may be a missing warmup execution, please investigate in Nsight Systems.
2026-04-27 18:57:48.561477: E external/xla/xla/stream_executor/cuda/cuda_timer.cc:86] Delay kernel timed out: measured time has sub-optimal accuracy. There may be a missing warmup execution, please investigate in Nsight Systems.
2026-04-27 18:57:48.747957: E external/xla/xla/stream_executor/cuda/cuda_timer.cc:86] Delay kernel timed out: measured time has sub-optimal accuracy. There may be a missing warmup execution, please investigate in Nsight Systems.
2026-04-27 18:57:48.902675: E external/xla/xla/stream_executor/cuda/cuda_timer.cc:86] Delay kernel timed out: measured time has sub-optimal accuracy. There may be a missing warmup execution, please investigate in Nsight Systems.
2026-04-27 18:57:49.090746: E external/xla/xla/stream_executor/cuda/cuda_timer.cc:86] Delay kernel timed out: measured time has sub-optimal accuracy. There may be a missing warmup execution, please investigate in Nsight Systems.
2026-04-27 18:57:49.246108: E external/xla/xla/stream_executor/cuda/cuda_timer.cc:86] Delay kernel timed out: measured time has sub-optimal accuracy. There may be a missing warmup execution, please investigate in Nsight Systems.
2026-04-27 18:57:49.656791: E external/xla/xla/stream_executor/cuda/cuda_timer.cc:86] Delay kernel timed out: measured time has sub-optimal accuracy. There may be a missing warmup execution, please investigate in Nsight Systems.
2026-04-27 18:57:49.829722: E external/xla/xla/stream_executor/cuda/cuda_timer.cc:86] Delay kernel timed out: measured time has sub-optimal accuracy. There may be a missing warmup execution, please investigate in Nsight Systems.
2026-04-27 18:57:50.131038: E external/xla/xla/stream_executor/cuda/cuda_timer.cc:86] Delay kernel timed out: measured time has sub-optimal accuracy. There may be a missing warmup execution, please investigate in Nsight Systems.
2026-04-27 18:57:50.358347: E external/xla/xla/stream_executor/cuda/cuda_timer.cc:86] Delay kernel timed out: measured time has sub-optimal accuracy. There may be a missing warmup execution, please investigate in Nsight Systems.
2026-04-27 18:57:50.646249: E external/xla/xla/stream_executor/cuda/cuda_timer.cc:86] Delay kernel timed out: measured time has sub-optimal accuracy. There may be a missing warmup execution, please investigate in Nsight Systems.
2026-04-27 18:57:50.869952: E external/xla/xla/stream_executor/cuda/cuda_timer.cc:86] Delay kernel timed out: measured time has sub-optimal accuracy. There may be a missing warmup execution, please investigate in Nsight Systems.
2026-04-27 18:57:51.089857: E external/xla/xla/stream_executor/cuda/cuda_timer.cc:86] Delay kernel timed out: measured time has sub-optimal accuracy. There may be a missing warmup execution, please investigate in Nsight Systems.
2026-04-27 18:57:51.243921: E external/xla/xla/stream_executor/cuda/cuda_timer.cc:86] Delay kernel timed out: measured time has sub-optimal accuracy. There may be a missing warmup execution, please investigate in Nsight Systems.
2026-04-27 18:57:51.431027: E external/xla/xla/stream_executor/cuda/cuda_timer.cc:86] Delay kernel timed out: measured time has sub-optimal accuracy. There may be a missing warmup execution, please investigate in Nsight Systems.
2026-04-27 18:57:51.584902: E external/xla/xla/stream_executor/cuda/cuda_timer.cc:86] Delay kernel timed out: measured time has sub-optimal accuracy. There may be a missing warmup execution, please investigate in Nsight Systems.
2026-04-27 18:57:51.771740: E external/xla/xla/stream_executor/cuda/cuda_timer.cc:86] Delay kernel timed out: measured time has sub-optimal accuracy. There may be a missing warmup execution, please investigate in Nsight Systems.
2026-04-27 18:57:51.927296: E external/xla/xla/stream_executor/cuda/cuda_timer.cc:86] Delay kernel timed out: measured time has sub-optimal accuracy. There may be a missing warmup execution, please investigate in Nsight Systems.
2026-04-27 18:57:52.116675: E external/xla/xla/stream_executor/cuda/cuda_timer.cc:86] Delay kernel timed out: measured time has sub-optimal accuracy. There may be a missing warmup execution, please investigate in Nsight Systems.
2026-04-27 18:57:52.270514: E external/xla/xla/stream_executor/cuda/cuda_timer.cc:86] Delay kernel timed out: measured time has sub-optimal accuracy. There may be a missing warmup execution, please investigate in Nsight Systems.
2026-04-27 18:57:52.457861: E external/xla/xla/stream_executor/cuda/cuda_timer.cc:86] Delay kernel timed out: measured time has sub-optimal accuracy. There may be a missing warmup execution, please investigate in Nsight Systems.
2026-04-27 18:57:52.612778: E external/xla/xla/stream_executor/cuda/cuda_timer.cc:86] Delay kernel timed out: measured time has sub-optimal accuracy. There may be a missing warmup execution, please investigate in Nsight Systems.
2026-04-27 18:57:53.089607: E external/xla/xla/stream_executor/cuda/cuda_timer.cc:86] Delay kernel timed out: measured time has sub-optimal accuracy. There may be a missing warmup execution, please investigate in Nsight Systems.
2026-04-27 18:57:53.263540: E external/xla/xla/stream_executor/cuda/cuda_timer.cc:86] Delay kernel timed out: measured time has sub-optimal accuracy. There may be a missing warmup execution, please investigate in Nsight Systems.
2026-04-27 18:57:53.572840: E external/xla/xla/stream_executor/cuda/cuda_timer.cc:86] Delay kernel timed out: measured time has sub-optimal accuracy. There may be a missing warmup execution, please investigate in Nsight Systems.
2026-04-27 18:57:53.804713: E external/xla/xla/stream_executor/cuda/cuda_timer.cc:86] Delay kernel timed out: measured time has sub-optimal accuracy. There may be a missing warmup execution, please investigate in Nsight Systems.
2026-04-27 18:57:54.194396: E external/xla/xla/stream_executor/cuda/cuda_timer.cc:86] Delay kernel timed out: measured time has sub-optimal accuracy. There may be a missing warmup execution, please investigate in Nsight Systems.
2026-04-27 18:57:54.478302: E external/xla/xla/stream_executor/cuda/cuda_timer.cc:86] Delay kernel timed out: measured time has sub-optimal accuracy. There may be a missing warmup execution, please investigate in Nsight Systems.
Loaded 21 old self checkpoints for seed 0 from ./checkpoints/single/counter_circuit2
Loaded 21 old self checkpoints for seed 1 from ./checkpoints/single/counter_circuit2
Loaded 21 old self checkpoints for seed 2 from ./checkpoints/single/counter_circuit2
Loaded 21 old self checkpoints for seed 3 from ./checkpoints/single/counter_circuit2
Loaded 21 old self checkpoints for seed 4 from ./checkpoints/single/counter_circuit2
Update steps:  762.0
Warmup epochs:  38
Cosine epochs:  724.0
--> Saved seed 0 checkpoint at step 1 to ./fcp_pool/counter_circuit2/baseline_seed_0_step_1.msgpack
--> Saved seed 1 checkpoint at step 1 to ./fcp_pool/counter_circuit2/baseline_seed_1_step_1.msgpack
--> Saved seed 2 checkpoint at step 1 to ./fcp_pool/counter_circuit2/baseline_seed_2_step_1.msgpack
--> Saved seed 3 checkpoint at step 1 to ./fcp_pool/counter_circuit2/baseline_seed_3_step_1.msgpack
--> Saved seed 4 checkpoint at step 1 to ./fcp_pool/counter_circuit2/baseline_seed_4_step_1.msgpack
--> Saved seed 0 checkpoint at step 76 to ./fcp_pool/counter_circuit2/baseline_seed_0_step_76.msgpack
--> Saved seed 1 checkpoint at step 76 to ./fcp_pool/counter_circuit2/baseline_seed_1_step_76.msgpack
--> Saved seed 2 checkpoint at step 76 to ./fcp_pool/counter_circuit2/baseline_seed_2_step_76.msgpack
--> Saved seed 3 checkpoint at step 76 to ./fcp_pool/counter_circuit2/baseline_seed_3_step_76.msgpack
--> Saved seed 4 checkpoint at step 76 to ./fcp_pool/counter_circuit2/baseline_seed_4_step_76.msgpack
--> Saved seed 0 checkpoint at step 152 to ./fcp_pool/counter_circuit2/baseline_seed_0_step_152.msgpack
--> Saved seed 1 checkpoint at step 152 to ./fcp_pool/counter_circuit2/baseline_seed_1_step_152.msgpack
--> Saved seed 2 checkpoint at step 152 to ./fcp_pool/counter_circuit2/baseline_seed_2_step_152.msgpack
--> Saved seed 3 checkpoint at step 152 to ./fcp_pool/counter_circuit2/baseline_seed_3_step_152.msgpack
--> Saved seed 4 checkpoint at step 152 to ./fcp_pool/counter_circuit2/baseline_seed_4_step_152.msgpack
--> Saved seed 0 checkpoint at step 228 to ./fcp_pool/counter_circuit2/baseline_seed_0_step_228.msgpack
--> Saved seed 1 checkpoint at step 228 to ./fcp_pool/counter_circuit2/baseline_seed_1_step_228.msgpack
--> Saved seed 2 checkpoint at step 228 to ./fcp_pool/counter_circuit2/baseline_seed_2_step_228.msgpack
--> Saved seed 3 checkpoint at step 228 to ./fcp_pool/counter_circuit2/baseline_seed_3_step_228.msgpack
--> Saved seed 4 checkpoint at step 228 to ./fcp_pool/counter_circuit2/baseline_seed_4_step_228.msgpack
--> Saved seed 0 checkpoint at step 304 to ./fcp_pool/counter_circuit2/baseline_seed_0_step_304.msgpack
--> Saved seed 1 checkpoint at step 304 to ./fcp_pool/counter_circuit2/baseline_seed_1_step_304.msgpack
--> Saved seed 2 checkpoint at step 304 to ./fcp_pool/counter_circuit2/baseline_seed_2_step_304.msgpack
--> Saved seed 3 checkpoint at step 304 to ./fcp_pool/counter_circuit2/baseline_seed_3_step_304.msgpack
--> Saved seed 4 checkpoint at step 304 to ./fcp_pool/counter_circuit2/baseline_seed_4_step_304.msgpack
--> Saved seed 0 checkpoint at step 380 to ./fcp_pool/counter_circuit2/baseline_seed_0_step_380.msgpack
--> Saved seed 1 checkpoint at step 380 to ./fcp_pool/counter_circuit2/baseline_seed_1_step_380.msgpack
--> Saved seed 2 checkpoint at step 380 to ./fcp_pool/counter_circuit2/baseline_seed_2_step_380.msgpack
--> Saved seed 3 checkpoint at step 380 to ./fcp_pool/counter_circuit2/baseline_seed_3_step_380.msgpack
--> Saved seed 4 checkpoint at step 380 to ./fcp_pool/counter_circuit2/baseline_seed_4_step_380.msgpack
--> Saved seed 0 checkpoint at step 456 to ./fcp_pool/counter_circuit2/baseline_seed_0_step_456.msgpack
--> Saved seed 1 checkpoint at step 456 to ./fcp_pool/counter_circuit2/baseline_seed_1_step_456.msgpack
--> Saved seed 2 checkpoint at step 456 to ./fcp_pool/counter_circuit2/baseline_seed_2_step_456.msgpack
--> Saved seed 3 checkpoint at step 456 to ./fcp_pool/counter_circuit2/baseline_seed_3_step_456.msgpack
--> Saved seed 4 checkpoint at step 456 to ./fcp_pool/counter_circuit2/baseline_seed_4_step_456.msgpack
--> Saved seed 0 checkpoint at step 532 to ./fcp_pool/counter_circuit2/baseline_seed_0_step_532.msgpack
--> Saved seed 1 checkpoint at step 532 to ./fcp_pool/counter_circuit2/baseline_seed_1_step_532.msgpack
--> Saved seed 2 checkpoint at step 532 to ./fcp_pool/counter_circuit2/baseline_seed_2_step_532.msgpack
--> Saved seed 3 checkpoint at step 532 to ./fcp_pool/counter_circuit2/baseline_seed_3_step_532.msgpack
--> Saved seed 4 checkpoint at step 532 to ./fcp_pool/counter_circuit2/baseline_seed_4_step_532.msgpack
--> Saved seed 0 checkpoint at step 608 to ./fcp_pool/counter_circuit2/baseline_seed_0_step_608.msgpack
--> Saved seed 1 checkpoint at step 608 to ./fcp_pool/counter_circuit2/baseline_seed_1_step_608.msgpack
--> Saved seed 2 checkpoint at step 608 to ./fcp_pool/counter_circuit2/baseline_seed_2_step_608.msgpack
--> Saved seed 3 checkpoint at step 608 to ./fcp_pool/counter_circuit2/baseline_seed_3_step_608.msgpack
--> Saved seed 4 checkpoint at step 608 to ./fcp_pool/counter_circuit2/baseline_seed_4_step_608.msgpack
--> Saved seed 0 checkpoint at step 684 to ./fcp_pool/counter_circuit2/baseline_seed_0_step_684.msgpack
--> Saved seed 1 checkpoint at step 684 to ./fcp_pool/counter_circuit2/baseline_seed_1_step_684.msgpack
--> Saved seed 2 checkpoint at step 684 to ./fcp_pool/counter_circuit2/baseline_seed_2_step_684.msgpack
--> Saved seed 3 checkpoint at step 684 to ./fcp_pool/counter_circuit2/baseline_seed_3_step_684.msgpack
--> Saved seed 4 checkpoint at step 684 to ./fcp_pool/counter_circuit2/baseline_seed_4_step_684.msgpack
--> Saved seed 0 checkpoint at step 760 to ./fcp_pool/counter_circuit2/baseline_seed_0_step_760.msgpack
--> Saved seed 1 checkpoint at step 760 to ./fcp_pool/counter_circuit2/baseline_seed_1_step_760.msgpack
--> Saved seed 2 checkpoint at step 760 to ./fcp_pool/counter_circuit2/baseline_seed_2_step_760.msgpack
--> Saved seed 3 checkpoint at step 760 to ./fcp_pool/counter_circuit2/baseline_seed_3_step_760.msgpack
--> Saved seed 4 checkpoint at step 760 to ./fcp_pool/counter_circuit2/baseline_seed_4_step_760.msgpack
[1;34mwandb[0m: 
[1;34mwandb[0m: 🚀 View run [33mppo_cpt_counter_circuit2[0m at: [34mhttps://wandb.ai/maytusp/self-fcp-overcooked/runs/6bq2y24t[0m
[1;34mwandb[0m: Find logs at: [1;35m../../../../../../../net/scratch/n70579mp/JaxMARL/wandb/run-20260427_185655-6bq2y24t/logs[0m
